#
# A fatal error has been detected by the Java Runtime Environment:
#
#  SIGSEGV (0xb) at pc=0x00007fa3e401cb9a, pid=33572, tid=33596
#
# JRE version: OpenJDK Runtime Environment Zulu15.34+17-CA (15.0.4+5) (build 15.0.4+5-MTS)
# Java VM: OpenJDK 64-Bit Server VM Zulu15.34+17-CA (15.0.4+5-MTS, mixed mode, sharing, tiered, compressed oops, g1 gc, linux-amd64)
# Problematic frame:
# C  [libglucose.so+0x11b9a]  Glucose::Solver::addClause_(Glucose::vec<Glucose::Lit>&)+0x1ba
#
# Core dump will be written. Default location: Core dumps may be processed with "/usr/share/apport/apport %p %s %c %d %P %E" (or dumping to /home/michael/IdeaProjects/acmlat-3hw-4-problem/core.33572)
#
# If you would like to submit a bug report, please visit:
#   http://www.azul.com/support/
# The crash happened outside the Java Virtual Machine in native code.
# See problematic frame for where to report the bug.
#

---------------  S U M M A R Y ------------

Command Line: -Dorg.gradle.internal.worker.tmpdir=/home/michael/IdeaProjects/acmlat-3hw-4-problem/build/tmp/test/work -Dorg.gradle.native=false --add-opens=java.base/java.util=ALL-UNNAMED --add-opens=java.base/java.lang=ALL-UNNAMED -Xmx512m -Dfile.encoding=UTF-8 -Duser.country=RU -Duser.language=ru -Duser.variant -ea worker.org.gradle.process.internal.worker.GradleWorkerMain 'Gradle Test Executor 3'

Host: Intel(R) Core(TM) i7-6600U CPU @ 2.60GHz, 4 cores, 15G, Ubuntu 20.04.3 LTS
Time: Thu Nov  4 01:06:55 2021 +04 elapsed time: 0.668652 seconds (0d 0h 0m 0s)

---------------  T H R E A D  ---------------

Current thread (0x00007fa3e04d0e60):  JavaThread "Test worker" [_thread_in_native, id=33596, stack(0x00007fa383eff000,0x00007fa384000000)]

Stack: [0x00007fa383eff000,0x00007fa384000000],  sp=0x00007fa383ffc0f0,  free space=1012k
Native frames: (J=compiled Java code, A=aot compiled Java code, j=interpreted, Vv=VM code, C=native code)
C  [libglucose.so+0x11b9a]  Glucose::Solver::addClause_(Glucose::vec<Glucose::Lit>&)+0x1ba

Java frames: (J=compiled Java code, j=interpreted, Vv=VM code)
j  com.github.lipen.satlib.jni.solver.JGlucose.glucose_add_clause(JI)Z+0
j  com.github.lipen.satlib.jni.solver.JGlucose.addClause(I)Z+7
j  com.github.lipen.satlib.solver.GlucoseSolver._addClause(I)V+5
j  com.github.lipen.satlib.solver.AbstractSolver.addClause(I)V+19
j  MinesweeperField.buildFormulaByState(Ljava/util/List;)V+44
j  MinesweeperField.<init>(Ljava/util/List;)V+279
j  MinesweeperFieldTests.test_1()V+21
v  ~StubRoutines::call_stub
j  jdk.internal.reflect.NativeMethodAccessorImpl.invoke0(Ljava/lang/reflect/Method;Ljava/lang/Object;[Ljava/lang/Object;)Ljava/lang/Object;+0 java.base@15.0.4
j  jdk.internal.reflect.NativeMethodAccessorImpl.invoke(Ljava/lang/Object;[Ljava/lang/Object;)Ljava/lang/Object;+113 java.base@15.0.4
j  jdk.internal.reflect.DelegatingMethodAccessorImpl.invoke(Ljava/lang/Object;[Ljava/lang/Object;)Ljava/lang/Object;+6 java.base@15.0.4
j  java.lang.reflect.Method.invoke(Ljava/lang/Object;[Ljava/lang/Object;)Ljava/lang/Object;+59 java.base@15.0.4
j  org.junit.runners.model.FrameworkMethod$1.runReflectiveCall()Ljava/lang/Object;+15
j  org.junit.internal.runners.model.ReflectiveCallable.run()Ljava/lang/Object;+1
j  org.junit.runners.model.FrameworkMethod.invokeExplosively(Ljava/lang/Object;[Ljava/lang/Object;)Ljava/lang/Object;+10
j  org.junit.internal.runners.statements.InvokeMethod.evaluate()V+12
j  org.junit.runners.ParentRunner.runLeaf(Lorg/junit/runners/model/Statement;Lorg/junit/runner/Description;Lorg/junit/runner/notification/RunNotifier;)V+17
j  org.junit.runners.BlockJUnit4ClassRunner.runChild(Lorg/junit/runners/model/FrameworkMethod;Lorg/junit/runner/notification/RunNotifier;)V+30
j  org.junit.runners.BlockJUnit4ClassRunner.runChild(Ljava/lang/Object;Lorg/junit/runner/notification/RunNotifier;)V+6
j  org.junit.runners.ParentRunner$3.run()V+12
j  org.junit.runners.ParentRunner$1.schedule(Ljava/lang/Runnable;)V+1
j  org.junit.runners.ParentRunner.runChildren(Lorg/junit/runner/notification/RunNotifier;)V+44
j  org.junit.runners.ParentRunner.access$000(Lorg/junit/runners/ParentRunner;Lorg/junit/runner/notification/RunNotifier;)V+2
j  org.junit.runners.ParentRunner$2.evaluate()V+8
j  org.junit.runners.ParentRunner.run(Lorg/junit/runner/notification/RunNotifier;)V+20
j  org.gradle.api.internal.tasks.testing.junit.JUnitTestClassExecutor.runTestClass(Ljava/lang/String;)V+296
j  org.gradle.api.internal.tasks.testing.junit.JUnitTestClassExecutor.execute(Ljava/lang/String;)V+14
j  org.gradle.api.internal.tasks.testing.junit.JUnitTestClassExecutor.execute(Ljava/lang/Object;)V+5
j  org.gradle.api.internal.tasks.testing.junit.AbstractJUnitTestClassProcessor.processTestClass(Lorg/gradle/api/internal/tasks/testing/TestClassRunInfo;)V+26
j  org.gradle.api.internal.tasks.testing.SuiteTestClassProcessor.processTestClass(Lorg/gradle/api/internal/tasks/testing/TestClassRunInfo;)V+5
v  ~StubRoutines::call_stub
j  jdk.internal.reflect.NativeMethodAccessorImpl.invoke0(Ljava/lang/reflect/Method;Ljava/lang/Object;[Ljava/lang/Object;)Ljava/lang/Object;+0 java.base@15.0.4
j  jdk.internal.reflect.NativeMethodAccessorImpl.invoke(Ljava/lang/Object;[Ljava/lang/Object;)Ljava/lang/Object;+113 java.base@15.0.4
j  jdk.internal.reflect.DelegatingMethodAccessorImpl.invoke(Ljava/lang/Object;[Ljava/lang/Object;)Ljava/lang/Object;+6 java.base@15.0.4
j  java.lang.reflect.Method.invoke(Ljava/lang/Object;[Ljava/lang/Object;)Ljava/lang/Object;+59 java.base@15.0.4
j  org.gradle.internal.dispatch.ReflectionDispatch.dispatch(Lorg/gradle/internal/dispatch/MethodInvocation;)V+19
j  org.gradle.internal.dispatch.ReflectionDispatch.dispatch(Ljava/lang/Object;)V+5
j  org.gradle.internal.dispatch.ContextClassLoaderDispatch.dispatch(Ljava/lang/Object;)V+22
j  org.gradle.internal.dispatch.ProxyDispatchAdapter$DispatchingInvocationHandler.invoke(Ljava/lang/Object;Ljava/lang/reflect/Method;[Ljava/lang/Object;)Ljava/lang/Object;+177
j  com.sun.proxy.$Proxy2.processTestClass(Lorg/gradle/api/internal/tasks/testing/TestClassRunInfo;)V+16
j  org.gradle.api.internal.tasks.testing.worker.TestWorker.processTestClass(Lorg/gradle/api/internal/tasks/testing/TestClassRunInfo;)V+13
v  ~StubRoutines::call_stub
j  jdk.internal.reflect.NativeMethodAccessorImpl.invoke0(Ljava/lang/reflect/Method;Ljava/lang/Object;[Ljava/lang/Object;)Ljava/lang/Object;+0 java.base@15.0.4
j  jdk.internal.reflect.NativeMethodAccessorImpl.invoke(Ljava/lang/Object;[Ljava/lang/Object;)Ljava/lang/Object;+113 java.base@15.0.4
j  jdk.internal.reflect.DelegatingMethodAccessorImpl.invoke(Ljava/lang/Object;[Ljava/lang/Object;)Ljava/lang/Object;+6 java.base@15.0.4
j  java.lang.reflect.Method.invoke(Ljava/lang/Object;[Ljava/lang/Object;)Ljava/lang/Object;+59 java.base@15.0.4
j  org.gradle.internal.dispatch.ReflectionDispatch.dispatch(Lorg/gradle/internal/dispatch/MethodInvocation;)V+19
j  org.gradle.internal.dispatch.ReflectionDispatch.dispatch(Ljava/lang/Object;)V+5
j  org.gradle.internal.remote.internal.hub.MessageHubBackedObjectConnection$DispatchWrapper.dispatch(Lorg/gradle/internal/dispatch/MethodInvocation;)V+5
j  org.gradle.internal.remote.internal.hub.MessageHubBackedObjectConnection$DispatchWrapper.dispatch(Ljava/lang/Object;)V+5
j  org.gradle.internal.remote.internal.hub.MessageHub$Handler.run()V+174
j  org.gradle.internal.concurrent.ExecutorPolicy$CatchAndRecordFailures.onExecute(Ljava/lang/Runnable;)V+1
j  org.gradle.internal.concurrent.ManagedExecutorImpl$1.run()V+25
j  java.util.concurrent.ThreadPoolExecutor.runWorker(Ljava/util/concurrent/ThreadPoolExecutor$Worker;)V+92 java.base@15.0.4
j  java.util.concurrent.ThreadPoolExecutor$Worker.run()V+5 java.base@15.0.4
j  org.gradle.internal.concurrent.ThreadFactoryImpl$ManagedThreadRunnable.run()V+7
j  java.lang.Thread.run()V+11 java.base@15.0.4
v  ~StubRoutines::call_stub

siginfo: si_signo: 11 (SIGSEGV), si_code: 1 (SEGV_MAPERR), si_addr: 0x0000000000000000

Register to memory mapping:

RAX=0x0000000000000001 is an unknown value
RBX=0x00007fa3781d37c0 points into unknown readable memory: 0x00007fa378256be0 | e0 6b 25 78 a3 7f 00 00
RCX=0x0000000000000001 is an unknown value
RDX=0x0 is NULL
RSP=0x00007fa383ffc0f0 is pointing into the stack for thread: 0x00007fa3e04d0e60
RBP=0x00007fa3781d3360 points into unknown readable memory: 0x00007fa3e402ace0 | e0 ac 02 e4 a3 7f 00 00
RSI=0x0 is NULL
RDI=0x00007fa378256be0 points into unknown readable memory: 0x00007fa300000001 | 01 00 00 00 a3 7f 00 00
R8 =0x0 is NULL
R9 =0x0 is NULL
R10=0x00000000fffffffe points into unknown readable memory: 00 00
R11=0x0 is NULL
R12=0x00007fa3781d37c0 points into unknown readable memory: 0x00007fa378256be0 | e0 6b 25 78 a3 7f 00 00
R13={method} {0x00007fa3c8855880} 'glucose_add_clause' '(JI)Z' in 'com/github/lipen/satlib/jni/solver/JGlucose'
R14=0x00007fa383ffc290 is pointing into the stack for thread: 0x00007fa3e04d0e60
R15=0x0000000000000001 is an unknown value


Registers:
RAX=0x0000000000000001, RBX=0x00007fa3781d37c0, RCX=0x0000000000000001, RDX=0x0000000000000000
RSP=0x00007fa383ffc0f0, RBP=0x00007fa3781d3360, RSI=0x0000000000000000, RDI=0x00007fa378256be0
R8 =0x0000000000000000, R9 =0x0000000000000000, R10=0x00000000fffffffe, R11=0x0000000000000000
R12=0x00007fa3781d37c0, R13=0x00007fa3c8855880, R14=0x00007fa383ffc290, R15=0x0000000000000001
RIP=0x00007fa3e401cb9a, EFLAGS=0x0000000000010247, CSGSFS=0x002b000000000033, ERR=0x0000000000000004
  TRAPNO=0x000000000000000e

Top of Stack: (sp=0x00007fa383ffc0f0)
0x00007fa383ffc0f0:   0000000000000007 00007fa3780008d0
0x00007fa383ffc100:   0000000000000000 0000000000000000
0x00007fa383ffc110:   00007fa3780008d0 d2f21b264d61cb00
0x00007fa383ffc120:   0000000000000000 0000000000000000 

Instructions: (pc=0x00007fa3e401cb9a)
0x00007fa3e401ca9a:   4d 00 4c 8b 85 98 02 00 00 44 89 54 24 18 41 89
0x00007fa3e401caaa:   0c 81 8b 12 89 d0 89 d1 d1 f8 83 e1 01 48 98 41
0x00007fa3e401caba:   0f b6 04 00 38 c8 40 0f 94 c6 83 fa ff 0f 94 c2
0x00007fa3e401caca:   40 08 d6 75 61 31 c8 3c 01 74 5b 8b 4b 08 49 83
0x00007fa3e401cada:   c4 01 89 ce 44 39 e1 7e 6d 8b 4c 24 1c 49 63 c2
0x00007fa3e401caea:   4e 8d 34 a5 00 00 00 00 44 8d 50 01 4e 8d 2c 37
0x00007fa3e401cafa:   4c 89 ea 39 c8 75 97 48 8b 7c 24 08 44 89 d6 e8
0x00007fa3e401cb0a:   b2 3e ff ff 48 8b 3b 48 63 44 24 18 4c 8b 4c 24
0x00007fa3e401cb1a:   10 4a 8d 14 37 44 8d 50 01 e9 70 ff ff ff 0f 1f
0x00007fa3e401cb2a:   84 00 00 00 00 00 8b 4b 08 49 83 c4 01 c7 44 24
0x00007fa3e401cb3a:   04 01 00 00 00 89 ce 44 39 e1 7f 9d 66 2e 0f 1f
0x00007fa3e401cb4a:   84 00 00 00 00 00 85 c9 7f 2e e9 bd 00 00 00 0f
0x00007fa3e401cb5a:   1f 80 00 00 00 00 8b 4b 08 89 ce 85 c9 0f 8e f9
0x00007fa3e401cb6a:   02 00 00 c7 44 24 04 00 00 00 00 48 8b 3b 45 31
0x00007fa3e401cb7a:   c9 4c 8b 85 98 02 00 00 31 d2 41 ba fe ff ff ff
0x00007fa3e401cb8a:   45 31 db 0f 1f 00 8b 04 97 89 c6 d1 fe 48 63 f6
0x00007fa3e401cb9a:   45 0f b6 24 30 89 c6 83 e6 01 45 89 e5 41 31 f5
0x00007fa3e401cbaa:   41 38 f4 0f 84 9d 02 00 00 44 89 d6 83 f6 01 39
0x00007fa3e401cbba:   c6 0f 84 8f 02 00 00 44 39 d0 74 32 41 80 fd 01
0x00007fa3e401cbca:   74 2c 42 89 04 9f 8b 4b 08 44 8d 62 01 48 83 c2
0x00007fa3e401cbda:   01 45 8d 6b 01 89 ce 39 d1 0f 8e e7 02 00 00 41
0x00007fa3e401cbea:   89 c2 4d 63 dd eb 9f 0f 1f 80 00 00 00 00 44 8d
0x00007fa3e401cbfa:   62 01 48 83 c2 01 89 ce 39 d1 7f 8a 45 29 dc 45
0x00007fa3e401cc0a:   85 e4 7e 08 44 29 e1 89 4b 08 89 ce 44 8b 44 24
0x00007fa3e401cc1a:   04 45 85 c0 0f 84 0a 01 00 00 80 bd b8 00 00 00
0x00007fa3e401cc2a:   00 0f 84 fd 00 00 00 45 31 e4 4c 8d 2d e8 a1 00
0x00007fa3e401cc3a:   00 85 f6 7f 0c eb 45 0f 1f 80 00 00 00 00 48 8b
0x00007fa3e401cc4a:   3b 42 8b 04 a7 be 01 00 00 00 48 8b bd b0 00 00
0x00007fa3e401cc5a:   00 4c 89 ea 89 c1 d1 f8 83 e1 01 83 c0 01 f7 d9
0x00007fa3e401cc6a:   8d 0c 4e be 01 00 00 00 0f af c8 31 c0 e8 24 3f
0x00007fa3e401cc7a:   ff ff 49 83 c4 01 44 39 63 08 7f c2 48 8b bd b0
0x00007fa3e401cc8a:   00 00 00 48 8d 15 aa a1 00 00 be 01 00 00 00 31 


Stack slot to memory mapping:
stack at sp + 0 slots: 0x0000000000000007 is an unknown value
stack at sp + 1 slots: 0x00007fa3780008d0 points into unknown readable memory: 0x0001000000000000 | 00 00 00 00 00 00 01 00
stack at sp + 2 slots: 0x0 is NULL
stack at sp + 3 slots: 0x0 is NULL
stack at sp + 4 slots: 0x00007fa3780008d0 points into unknown readable memory: 0x0001000000000000 | 00 00 00 00 00 00 01 00
stack at sp + 5 slots: 0xd2f21b264d61cb00 is an unknown value
stack at sp + 6 slots: 0x0 is NULL
stack at sp + 7 slots: 0x0 is NULL


---------------  P R O C E S S  ---------------

Threads class SMR info:
_java_thread_list=0x00007fa3e04f0190, length=14, elements={
0x00007fa3e00292a0, 0x00007fa3e013ba00, 0x00007fa3e013d140, 0x00007fa3e0142970,
0x00007fa3e0144080, 0x00007fa3e0145ca0, 0x00007fa3e01474d0, 0x00007fa3e0148bd0,
0x00007fa3e0184d10, 0x00007fa3e0186f70, 0x00007fa394126d50, 0x00007fa3e04d0e60,
0x00007fa3e04f5970, 0x00007fa3e04f7a70
}

Java Threads: ( => current thread )
  0x00007fa3e00292a0 JavaThread "main" [_thread_blocked, id=33574, stack(0x00007fa3e6b0a000,0x00007fa3e6c0b000)]
  0x00007fa3e013ba00 JavaThread "Reference Handler" daemon [_thread_blocked, id=33581, stack(0x00007fa3e415e000,0x00007fa3e425f000)]
  0x00007fa3e013d140 JavaThread "Finalizer" daemon [_thread_blocked, id=33582, stack(0x00007fa3e405d000,0x00007fa3e415e000)]
  0x00007fa3e0142970 JavaThread "Signal Dispatcher" daemon [_thread_blocked, id=33583, stack(0x00007fa3c8143000,0x00007fa3c8244000)]
  0x00007fa3e0144080 JavaThread "Service Thread" daemon [_thread_blocked, id=33584, stack(0x00007fa3c8042000,0x00007fa3c8143000)]
  0x00007fa3e0145ca0 JavaThread "C2 CompilerThread0" daemon [_thread_blocked, id=33585, stack(0x00007fa3b9121000,0x00007fa3b9222000)]
  0x00007fa3e01474d0 JavaThread "C1 CompilerThread0" daemon [_thread_blocked, id=33586, stack(0x00007fa3b9020000,0x00007fa3b9121000)]
  0x00007fa3e0148bd0 JavaThread "Sweeper thread" daemon [_thread_blocked, id=33587, stack(0x00007fa3b8f1f000,0x00007fa3b9020000)]
  0x00007fa3e0184d10 JavaThread "Common-Cleaner" daemon [_thread_blocked, id=33588, stack(0x00007fa3b8e1e000,0x00007fa3b8f1f000)]
  0x00007fa3e0186f70 JavaThread "Notification Thread" daemon [_thread_blocked, id=33589, stack(0x00007fa3b8d1d000,0x00007fa3b8e1e000)]
  0x00007fa394126d50 JavaThread "C2 CompilerThread1" daemon [_thread_in_native, id=33591, stack(0x00007fa3b82d9000,0x00007fa3b83da000)]
=>0x00007fa3e04d0e60 JavaThread "Test worker" [_thread_in_native, id=33596, stack(0x00007fa383eff000,0x00007fa384000000)]
  0x00007fa3e04f5970 JavaThread "/127.0.0.1:45246 to /127.0.0.1:32801 workers Thread 2" [_thread_blocked, id=33597, stack(0x00007fa383dfe000,0x00007fa383eff000)]
  0x00007fa3e04f7a70 JavaThread "/127.0.0.1:45246 to /127.0.0.1:32801 workers Thread 3" [_thread_in_native, id=33598, stack(0x00007fa383cfd000,0x00007fa383dfe000)]

Other Threads:
  0x00007fa3e0138cb0 VMThread "VM Thread" [stack: 0x00007fa3e4261000,0x00007fa3e4361000] [id=33580]
  0x00007fa3e0188b50 WatcherThread [stack: 0x00007fa3b8c1d000,0x00007fa3b8d1d000] [id=33590]
  0x00007fa3e004f9e0 GCTaskThread "GC Thread#0" [stack: 0x00007fa3e4cce000,0x00007fa3e4dce000] [id=33575]
  0x00007fa3b0000f20 GCTaskThread "GC Thread#1" [stack: 0x00007fa383bfd000,0x00007fa383cfd000] [id=33599]
  0x00007fa3b0001c80 GCTaskThread "GC Thread#2" [stack: 0x00007fa383afb000,0x00007fa383bfb000] [id=33600]
  0x00007fa3b0002a10 GCTaskThread "GC Thread#3" [stack: 0x00007fa3839f9000,0x00007fa383af9000] [id=33601]
  0x00007fa3e0055340 ConcurrentGCThread "G1 Main Marker" [stack: 0x00007fa3e4bcc000,0x00007fa3e4ccc000] [id=33576]
  0x00007fa3e00565d0 ConcurrentGCThread "G1 Conc#0" [stack: 0x00007fa3e4aca000,0x00007fa3e4bca000] [id=33577]
  0x00007fa3e010f460 ConcurrentGCThread "G1 Refine#0" [stack: 0x00007fa3e45c4000,0x00007fa3e46c4000] [id=33578]
  0x00007fa3e0110670 ConcurrentGCThread "G1 Young RemSet Sampling" [stack: 0x00007fa3e44c2000,0x00007fa3e45c2000] [id=33579]

Threads with active compile tasks:
C2 CompilerThread1      684  949 % !   4       java.util.concurrent.ConcurrentHashMap::transfer @ 96 (849 bytes)

VM state: not at safepoint (normal execution)

VM Mutex/Monitor currently owned by a thread: None

Heap address: 0x00000000e0000000, size: 512 MB, Compressed Oops mode: 32-bit
CDS archive(s) mapped at: [0x0000000800000000-0x0000000800b3c000-0x0000000800b3c000), size 11780096, SharedBaseAddress: 0x0000000800000000, ArchiveRelocationMode: 0.
Compressed class space mapped at: 0x0000000800b3c000-0x0000000840b3c000, size: 1073741824
Narrow klass base: 0x0000000800000000, Narrow klass shift: 3, Narrow klass range: 0x100000000

GC Precious Log:
 CPUs: 4 total, 4 available
 Memory: 15866M
 Large Page Support: Disabled
 NUMA Support: Disabled
 Compressed Oops: Enabled (32-bit)
 Heap Region Size: 1M
 Heap Min Capacity: 8M
 Heap Initial Capacity: 248M
 Heap Max Capacity: 512M
 Pre-touch: Disabled
 Parallel Workers: 4
 Concurrent Workers: 1
 Concurrent Refinement Workers: 4
 Periodic GC: Disabled

Heap:
 garbage-first heap   total 256000K, used 13269K [0x00000000e0000000, 0x0000000100000000)
  region size 1024K, 12 young (12288K), 2 survivors (2048K)
 Metaspace       used 7701K, capacity 8710K, committed 8960K, reserved 1056768K
  class space    used 848K, capacity 912K, committed 1024K, reserved 1048576K

Heap Regions: E=young(eden), S=young(survivor), O=old, HS=humongous(starts), HC=humongous(continues), CS=collection set, F=free, OA=open archive, CA=closed archive, TAMS=top-at-mark-start (previous, next)
|   0|0x00000000e0000000, 0x00000000e0100000, 0x00000000e0100000|100%| O|  |TAMS 0x00000000e0000000, 0x00000000e0000000| Untracked 
|   1|0x00000000e0100000, 0x00000000e0127400, 0x00000000e0200000| 15%| O|  |TAMS 0x00000000e0100000, 0x00000000e0100000| Untracked 
|   2|0x00000000e0200000, 0x00000000e0300000, 0x00000000e0300000|100%|HS|  |TAMS 0x00000000e0200000, 0x00000000e0200000| Complete 
|   3|0x00000000e0300000, 0x00000000e0300000, 0x00000000e0400000|  0%| F|  |TAMS 0x00000000e0300000, 0x00000000e0300000| Untracked 
|   4|0x00000000e0400000, 0x00000000e0400000, 0x00000000e0500000|  0%| F|  |TAMS 0x00000000e0400000, 0x00000000e0400000| Untracked 
|   5|0x00000000e0500000, 0x00000000e0500000, 0x00000000e0600000|  0%| F|  |TAMS 0x00000000e0500000, 0x00000000e0500000| Untracked 
|   6|0x00000000e0600000, 0x00000000e0600000, 0x00000000e0700000|  0%| F|  |TAMS 0x00000000e0600000, 0x00000000e0600000| Untracked 
|   7|0x00000000e0700000, 0x00000000e0700000, 0x00000000e0800000|  0%| F|  |TAMS 0x00000000e0700000, 0x00000000e0700000| Untracked 
|   8|0x00000000e0800000, 0x00000000e0800000, 0x00000000e0900000|  0%| F|  |TAMS 0x00000000e0800000, 0x00000000e0800000| Untracked 
|   9|0x00000000e0900000, 0x00000000e0900000, 0x00000000e0a00000|  0%| F|  |TAMS 0x00000000e0900000, 0x00000000e0900000| Untracked 
|  10|0x00000000e0a00000, 0x00000000e0a00000, 0x00000000e0b00000|  0%| F|  |TAMS 0x00000000e0a00000, 0x00000000e0a00000| Untracked 
|  11|0x00000000e0b00000, 0x00000000e0b00000, 0x00000000e0c00000|  0%| F|  |TAMS 0x00000000e0b00000, 0x00000000e0b00000| Untracked 
|  12|0x00000000e0c00000, 0x00000000e0c00000, 0x00000000e0d00000|  0%| F|  |TAMS 0x00000000e0c00000, 0x00000000e0c00000| Untracked 
|  13|0x00000000e0d00000, 0x00000000e0d00000, 0x00000000e0e00000|  0%| F|  |TAMS 0x00000000e0d00000, 0x00000000e0d00000| Untracked 
|  14|0x00000000e0e00000, 0x00000000e0e00000, 0x00000000e0f00000|  0%| F|  |TAMS 0x00000000e0e00000, 0x00000000e0e00000| Untracked 
|  15|0x00000000e0f00000, 0x00000000e0f00000, 0x00000000e1000000|  0%| F|  |TAMS 0x00000000e0f00000, 0x00000000e0f00000| Untracked 
|  16|0x00000000e1000000, 0x00000000e1000000, 0x00000000e1100000|  0%| F|  |TAMS 0x00000000e1000000, 0x00000000e1000000| Untracked 
|  17|0x00000000e1100000, 0x00000000e1100000, 0x00000000e1200000|  0%| F|  |TAMS 0x00000000e1100000, 0x00000000e1100000| Untracked 
|  18|0x00000000e1200000, 0x00000000e1200000, 0x00000000e1300000|  0%| F|  |TAMS 0x00000000e1200000, 0x00000000e1200000| Untracked 
|  19|0x00000000e1300000, 0x00000000e1300000, 0x00000000e1400000|  0%| F|  |TAMS 0x00000000e1300000, 0x00000000e1300000| Untracked 
|  20|0x00000000e1400000, 0x00000000e1400000, 0x00000000e1500000|  0%| F|  |TAMS 0x00000000e1400000, 0x00000000e1400000| Untracked 
|  21|0x00000000e1500000, 0x00000000e1500000, 0x00000000e1600000|  0%| F|  |TAMS 0x00000000e1500000, 0x00000000e1500000| Untracked 
|  22|0x00000000e1600000, 0x00000000e1600000, 0x00000000e1700000|  0%| F|  |TAMS 0x00000000e1600000, 0x00000000e1600000| Untracked 
|  23|0x00000000e1700000, 0x00000000e1700000, 0x00000000e1800000|  0%| F|  |TAMS 0x00000000e1700000, 0x00000000e1700000| Untracked 
|  24|0x00000000e1800000, 0x00000000e1800000, 0x00000000e1900000|  0%| F|  |TAMS 0x00000000e1800000, 0x00000000e1800000| Untracked 
|  25|0x00000000e1900000, 0x00000000e1900000, 0x00000000e1a00000|  0%| F|  |TAMS 0x00000000e1900000, 0x00000000e1900000| Untracked 
|  26|0x00000000e1a00000, 0x00000000e1a00000, 0x00000000e1b00000|  0%| F|  |TAMS 0x00000000e1a00000, 0x00000000e1a00000| Untracked 
|  27|0x00000000e1b00000, 0x00000000e1b00000, 0x00000000e1c00000|  0%| F|  |TAMS 0x00000000e1b00000, 0x00000000e1b00000| Untracked 
|  28|0x00000000e1c00000, 0x00000000e1c00000, 0x00000000e1d00000|  0%| F|  |TAMS 0x00000000e1c00000, 0x00000000e1c00000| Untracked 
|  29|0x00000000e1d00000, 0x00000000e1d00000, 0x00000000e1e00000|  0%| F|  |TAMS 0x00000000e1d00000, 0x00000000e1d00000| Untracked 
|  30|0x00000000e1e00000, 0x00000000e1e00000, 0x00000000e1f00000|  0%| F|  |TAMS 0x00000000e1e00000, 0x00000000e1e00000| Untracked 
|  31|0x00000000e1f00000, 0x00000000e1f00000, 0x00000000e2000000|  0%| F|  |TAMS 0x00000000e1f00000, 0x00000000e1f00000| Untracked 
|  32|0x00000000e2000000, 0x00000000e2000000, 0x00000000e2100000|  0%| F|  |TAMS 0x00000000e2000000, 0x00000000e2000000| Untracked 
|  33|0x00000000e2100000, 0x00000000e2100000, 0x00000000e2200000|  0%| F|  |TAMS 0x00000000e2100000, 0x00000000e2100000| Untracked 
|  34|0x00000000e2200000, 0x00000000e2200000, 0x00000000e2300000|  0%| F|  |TAMS 0x00000000e2200000, 0x00000000e2200000| Untracked 
|  35|0x00000000e2300000, 0x00000000e2300000, 0x00000000e2400000|  0%| F|  |TAMS 0x00000000e2300000, 0x00000000e2300000| Untracked 
|  36|0x00000000e2400000, 0x00000000e2400000, 0x00000000e2500000|  0%| F|  |TAMS 0x00000000e2400000, 0x00000000e2400000| Untracked 
|  37|0x00000000e2500000, 0x00000000e2500000, 0x00000000e2600000|  0%| F|  |TAMS 0x00000000e2500000, 0x00000000e2500000| Untracked 
|  38|0x00000000e2600000, 0x00000000e2600000, 0x00000000e2700000|  0%| F|  |TAMS 0x00000000e2600000, 0x00000000e2600000| Untracked 
|  39|0x00000000e2700000, 0x00000000e2700000, 0x00000000e2800000|  0%| F|  |TAMS 0x00000000e2700000, 0x00000000e2700000| Untracked 
|  40|0x00000000e2800000, 0x00000000e2800000, 0x00000000e2900000|  0%| F|  |TAMS 0x00000000e2800000, 0x00000000e2800000| Untracked 
|  41|0x00000000e2900000, 0x00000000e2900000, 0x00000000e2a00000|  0%| F|  |TAMS 0x00000000e2900000, 0x00000000e2900000| Untracked 
|  42|0x00000000e2a00000, 0x00000000e2a00000, 0x00000000e2b00000|  0%| F|  |TAMS 0x00000000e2a00000, 0x00000000e2a00000| Untracked 
|  43|0x00000000e2b00000, 0x00000000e2b00000, 0x00000000e2c00000|  0%| F|  |TAMS 0x00000000e2b00000, 0x00000000e2b00000| Untracked 
|  44|0x00000000e2c00000, 0x00000000e2c00000, 0x00000000e2d00000|  0%| F|  |TAMS 0x00000000e2c00000, 0x00000000e2c00000| Untracked 
|  45|0x00000000e2d00000, 0x00000000e2d00000, 0x00000000e2e00000|  0%| F|  |TAMS 0x00000000e2d00000, 0x00000000e2d00000| Untracked 
|  46|0x00000000e2e00000, 0x00000000e2e00000, 0x00000000e2f00000|  0%| F|  |TAMS 0x00000000e2e00000, 0x00000000e2e00000| Untracked 
|  47|0x00000000e2f00000, 0x00000000e2f00000, 0x00000000e3000000|  0%| F|  |TAMS 0x00000000e2f00000, 0x00000000e2f00000| Untracked 
|  48|0x00000000e3000000, 0x00000000e3000000, 0x00000000e3100000|  0%| F|  |TAMS 0x00000000e3000000, 0x00000000e3000000| Untracked 
|  49|0x00000000e3100000, 0x00000000e3100000, 0x00000000e3200000|  0%| F|  |TAMS 0x00000000e3100000, 0x00000000e3100000| Untracked 
|  50|0x00000000e3200000, 0x00000000e3200000, 0x00000000e3300000|  0%| F|  |TAMS 0x00000000e3200000, 0x00000000e3200000| Untracked 
|  51|0x00000000e3300000, 0x00000000e3300000, 0x00000000e3400000|  0%| F|  |TAMS 0x00000000e3300000, 0x00000000e3300000| Untracked 
|  52|0x00000000e3400000, 0x00000000e3400000, 0x00000000e3500000|  0%| F|  |TAMS 0x00000000e3400000, 0x00000000e3400000| Untracked 
|  53|0x00000000e3500000, 0x00000000e3500000, 0x00000000e3600000|  0%| F|  |TAMS 0x00000000e3500000, 0x00000000e3500000| Untracked 
|  54|0x00000000e3600000, 0x00000000e3600000, 0x00000000e3700000|  0%| F|  |TAMS 0x00000000e3600000, 0x00000000e3600000| Untracked 
|  55|0x00000000e3700000, 0x00000000e3700000, 0x00000000e3800000|  0%| F|  |TAMS 0x00000000e3700000, 0x00000000e3700000| Untracked 
|  56|0x00000000e3800000, 0x00000000e3800000, 0x00000000e3900000|  0%| F|  |TAMS 0x00000000e3800000, 0x00000000e3800000| Untracked 
|  57|0x00000000e3900000, 0x00000000e3900000, 0x00000000e3a00000|  0%| F|  |TAMS 0x00000000e3900000, 0x00000000e3900000| Untracked 
|  58|0x00000000e3a00000, 0x00000000e3a00000, 0x00000000e3b00000|  0%| F|  |TAMS 0x00000000e3a00000, 0x00000000e3a00000| Untracked 
|  59|0x00000000e3b00000, 0x00000000e3b00000, 0x00000000e3c00000|  0%| F|  |TAMS 0x00000000e3b00000, 0x00000000e3b00000| Untracked 
|  60|0x00000000e3c00000, 0x00000000e3c00000, 0x00000000e3d00000|  0%| F|  |TAMS 0x00000000e3c00000, 0x00000000e3c00000| Untracked 
|  61|0x00000000e3d00000, 0x00000000e3d00000, 0x00000000e3e00000|  0%| F|  |TAMS 0x00000000e3d00000, 0x00000000e3d00000| Untracked 
|  62|0x00000000e3e00000, 0x00000000e3e00000, 0x00000000e3f00000|  0%| F|  |TAMS 0x00000000e3e00000, 0x00000000e3e00000| Untracked 
|  63|0x00000000e3f00000, 0x00000000e3f00000, 0x00000000e4000000|  0%| F|  |TAMS 0x00000000e3f00000, 0x00000000e3f00000| Untracked 
|  64|0x00000000e4000000, 0x00000000e4000000, 0x00000000e4100000|  0%| F|  |TAMS 0x00000000e4000000, 0x00000000e4000000| Untracked 
|  65|0x00000000e4100000, 0x00000000e4100000, 0x00000000e4200000|  0%| F|  |TAMS 0x00000000e4100000, 0x00000000e4100000| Untracked 
|  66|0x00000000e4200000, 0x00000000e4200000, 0x00000000e4300000|  0%| F|  |TAMS 0x00000000e4200000, 0x00000000e4200000| Untracked 
|  67|0x00000000e4300000, 0x00000000e4300000, 0x00000000e4400000|  0%| F|  |TAMS 0x00000000e4300000, 0x00000000e4300000| Untracked 
|  68|0x00000000e4400000, 0x00000000e4400000, 0x00000000e4500000|  0%| F|  |TAMS 0x00000000e4400000, 0x00000000e4400000| Untracked 
|  69|0x00000000e4500000, 0x00000000e4500000, 0x00000000e4600000|  0%| F|  |TAMS 0x00000000e4500000, 0x00000000e4500000| Untracked 
|  70|0x00000000e4600000, 0x00000000e4600000, 0x00000000e4700000|  0%| F|  |TAMS 0x00000000e4600000, 0x00000000e4600000| Untracked 
|  71|0x00000000e4700000, 0x00000000e4700000, 0x00000000e4800000|  0%| F|  |TAMS 0x00000000e4700000, 0x00000000e4700000| Untracked 
|  72|0x00000000e4800000, 0x00000000e4800000, 0x00000000e4900000|  0%| F|  |TAMS 0x00000000e4800000, 0x00000000e4800000| Untracked 
|  73|0x00000000e4900000, 0x00000000e4900000, 0x00000000e4a00000|  0%| F|  |TAMS 0x00000000e4900000, 0x00000000e4900000| Untracked 
|  74|0x00000000e4a00000, 0x00000000e4a00000, 0x00000000e4b00000|  0%| F|  |TAMS 0x00000000e4a00000, 0x00000000e4a00000| Untracked 
|  75|0x00000000e4b00000, 0x00000000e4b00000, 0x00000000e4c00000|  0%| F|  |TAMS 0x00000000e4b00000, 0x00000000e4b00000| Untracked 
|  76|0x00000000e4c00000, 0x00000000e4c00000, 0x00000000e4d00000|  0%| F|  |TAMS 0x00000000e4c00000, 0x00000000e4c00000| Untracked 
|  77|0x00000000e4d00000, 0x00000000e4d00000, 0x00000000e4e00000|  0%| F|  |TAMS 0x00000000e4d00000, 0x00000000e4d00000| Untracked 
|  78|0x00000000e4e00000, 0x00000000e4e00000, 0x00000000e4f00000|  0%| F|  |TAMS 0x00000000e4e00000, 0x00000000e4e00000| Untracked 
|  79|0x00000000e4f00000, 0x00000000e4f00000, 0x00000000e5000000|  0%| F|  |TAMS 0x00000000e4f00000, 0x00000000e4f00000| Untracked 
|  80|0x00000000e5000000, 0x00000000e5000000, 0x00000000e5100000|  0%| F|  |TAMS 0x00000000e5000000, 0x00000000e5000000| Untracked 
|  81|0x00000000e5100000, 0x00000000e5100000, 0x00000000e5200000|  0%| F|  |TAMS 0x00000000e5100000, 0x00000000e5100000| Untracked 
|  82|0x00000000e5200000, 0x00000000e5200000, 0x00000000e5300000|  0%| F|  |TAMS 0x00000000e5200000, 0x00000000e5200000| Untracked 
|  83|0x00000000e5300000, 0x00000000e5300000, 0x00000000e5400000|  0%| F|  |TAMS 0x00000000e5300000, 0x00000000e5300000| Untracked 
|  84|0x00000000e5400000, 0x00000000e5400000, 0x00000000e5500000|  0%| F|  |TAMS 0x00000000e5400000, 0x00000000e5400000| Untracked 
|  85|0x00000000e5500000, 0x00000000e5500000, 0x00000000e5600000|  0%| F|  |TAMS 0x00000000e5500000, 0x00000000e5500000| Untracked 
|  86|0x00000000e5600000, 0x00000000e5600000, 0x00000000e5700000|  0%| F|  |TAMS 0x00000000e5600000, 0x00000000e5600000| Untracked 
|  87|0x00000000e5700000, 0x00000000e5700000, 0x00000000e5800000|  0%| F|  |TAMS 0x00000000e5700000, 0x00000000e5700000| Untracked 
|  88|0x00000000e5800000, 0x00000000e5800000, 0x00000000e5900000|  0%| F|  |TAMS 0x00000000e5800000, 0x00000000e5800000| Untracked 
|  89|0x00000000e5900000, 0x00000000e5900000, 0x00000000e5a00000|  0%| F|  |TAMS 0x00000000e5900000, 0x00000000e5900000| Untracked 
|  90|0x00000000e5a00000, 0x00000000e5a00000, 0x00000000e5b00000|  0%| F|  |TAMS 0x00000000e5a00000, 0x00000000e5a00000| Untracked 
|  91|0x00000000e5b00000, 0x00000000e5b00000, 0x00000000e5c00000|  0%| F|  |TAMS 0x00000000e5b00000, 0x00000000e5b00000| Untracked 
|  92|0x00000000e5c00000, 0x00000000e5c00000, 0x00000000e5d00000|  0%| F|  |TAMS 0x00000000e5c00000, 0x00000000e5c00000| Untracked 
|  93|0x00000000e5d00000, 0x00000000e5d00000, 0x00000000e5e00000|  0%| F|  |TAMS 0x00000000e5d00000, 0x00000000e5d00000| Untracked 
|  94|0x00000000e5e00000, 0x00000000e5e00000, 0x00000000e5f00000|  0%| F|  |TAMS 0x00000000e5e00000, 0x00000000e5e00000| Untracked 
|  95|0x00000000e5f00000, 0x00000000e5f00000, 0x00000000e6000000|  0%| F|  |TAMS 0x00000000e5f00000, 0x00000000e5f00000| Untracked 
|  96|0x00000000e6000000, 0x00000000e6000000, 0x00000000e6100000|  0%| F|  |TAMS 0x00000000e6000000, 0x00000000e6000000| Untracked 
|  97|0x00000000e6100000, 0x00000000e6100000, 0x00000000e6200000|  0%| F|  |TAMS 0x00000000e6100000, 0x00000000e6100000| Untracked 
|  98|0x00000000e6200000, 0x00000000e6200000, 0x00000000e6300000|  0%| F|  |TAMS 0x00000000e6200000, 0x00000000e6200000| Untracked 
|  99|0x00000000e6300000, 0x00000000e6300000, 0x00000000e6400000|  0%| F|  |TAMS 0x00000000e6300000, 0x00000000e6300000| Untracked 
| 100|0x00000000e6400000, 0x00000000e6400000, 0x00000000e6500000|  0%| F|  |TAMS 0x00000000e6400000, 0x00000000e6400000| Untracked 
| 101|0x00000000e6500000, 0x00000000e6500000, 0x00000000e6600000|  0%| F|  |TAMS 0x00000000e6500000, 0x00000000e6500000| Untracked 
| 102|0x00000000e6600000, 0x00000000e6600000, 0x00000000e6700000|  0%| F|  |TAMS 0x00000000e6600000, 0x00000000e6600000| Untracked 
| 103|0x00000000e6700000, 0x00000000e6700000, 0x00000000e6800000|  0%| F|  |TAMS 0x00000000e6700000, 0x00000000e6700000| Untracked 
| 104|0x00000000e6800000, 0x00000000e6800000, 0x00000000e6900000|  0%| F|  |TAMS 0x00000000e6800000, 0x00000000e6800000| Untracked 
| 105|0x00000000e6900000, 0x00000000e6900000, 0x00000000e6a00000|  0%| F|  |TAMS 0x00000000e6900000, 0x00000000e6900000| Untracked 
| 106|0x00000000e6a00000, 0x00000000e6a00000, 0x00000000e6b00000|  0%| F|  |TAMS 0x00000000e6a00000, 0x00000000e6a00000| Untracked 
| 107|0x00000000e6b00000, 0x00000000e6b00000, 0x00000000e6c00000|  0%| F|  |TAMS 0x00000000e6b00000, 0x00000000e6b00000| Untracked 
| 108|0x00000000e6c00000, 0x00000000e6c00000, 0x00000000e6d00000|  0%| F|  |TAMS 0x00000000e6c00000, 0x00000000e6c00000| Untracked 
| 109|0x00000000e6d00000, 0x00000000e6d00000, 0x00000000e6e00000|  0%| F|  |TAMS 0x00000000e6d00000, 0x00000000e6d00000| Untracked 
| 110|0x00000000e6e00000, 0x00000000e6e00000, 0x00000000e6f00000|  0%| F|  |TAMS 0x00000000e6e00000, 0x00000000e6e00000| Untracked 
| 111|0x00000000e6f00000, 0x00000000e6f00000, 0x00000000e7000000|  0%| F|  |TAMS 0x00000000e6f00000, 0x00000000e6f00000| Untracked 
| 112|0x00000000e7000000, 0x00000000e7000000, 0x00000000e7100000|  0%| F|  |TAMS 0x00000000e7000000, 0x00000000e7000000| Untracked 
| 113|0x00000000e7100000, 0x00000000e7100000, 0x00000000e7200000|  0%| F|  |TAMS 0x00000000e7100000, 0x00000000e7100000| Untracked 
| 114|0x00000000e7200000, 0x00000000e7200000, 0x00000000e7300000|  0%| F|  |TAMS 0x00000000e7200000, 0x00000000e7200000| Untracked 
| 115|0x00000000e7300000, 0x00000000e7300000, 0x00000000e7400000|  0%| F|  |TAMS 0x00000000e7300000, 0x00000000e7300000| Untracked 
| 116|0x00000000e7400000, 0x00000000e7400000, 0x00000000e7500000|  0%| F|  |TAMS 0x00000000e7400000, 0x00000000e7400000| Untracked 
| 117|0x00000000e7500000, 0x00000000e7500000, 0x00000000e7600000|  0%| F|  |TAMS 0x00000000e7500000, 0x00000000e7500000| Untracked 
| 118|0x00000000e7600000, 0x00000000e7600000, 0x00000000e7700000|  0%| F|  |TAMS 0x00000000e7600000, 0x00000000e7600000| Untracked 
| 119|0x00000000e7700000, 0x00000000e7700000, 0x00000000e7800000|  0%| F|  |TAMS 0x00000000e7700000, 0x00000000e7700000| Untracked 
| 120|0x00000000e7800000, 0x00000000e7800000, 0x00000000e7900000|  0%| F|  |TAMS 0x00000000e7800000, 0x00000000e7800000| Untracked 
| 121|0x00000000e7900000, 0x00000000e7900000, 0x00000000e7a00000|  0%| F|  |TAMS 0x00000000e7900000, 0x00000000e7900000| Untracked 
| 122|0x00000000e7a00000, 0x00000000e7a00000, 0x00000000e7b00000|  0%| F|  |TAMS 0x00000000e7a00000, 0x00000000e7a00000| Untracked 
| 123|0x00000000e7b00000, 0x00000000e7b00000, 0x00000000e7c00000|  0%| F|  |TAMS 0x00000000e7b00000, 0x00000000e7b00000| Untracked 
| 124|0x00000000e7c00000, 0x00000000e7c00000, 0x00000000e7d00000|  0%| F|  |TAMS 0x00000000e7c00000, 0x00000000e7c00000| Untracked 
| 125|0x00000000e7d00000, 0x00000000e7d00000, 0x00000000e7e00000|  0%| F|  |TAMS 0x00000000e7d00000, 0x00000000e7d00000| Untracked 
| 126|0x00000000e7e00000, 0x00000000e7e00000, 0x00000000e7f00000|  0%| F|  |TAMS 0x00000000e7e00000, 0x00000000e7e00000| Untracked 
| 127|0x00000000e7f00000, 0x00000000e7f00000, 0x00000000e8000000|  0%| F|  |TAMS 0x00000000e7f00000, 0x00000000e7f00000| Untracked 
| 128|0x00000000e8000000, 0x00000000e8000000, 0x00000000e8100000|  0%| F|  |TAMS 0x00000000e8000000, 0x00000000e8000000| Untracked 
| 129|0x00000000e8100000, 0x00000000e8100000, 0x00000000e8200000|  0%| F|  |TAMS 0x00000000e8100000, 0x00000000e8100000| Untracked 
| 130|0x00000000e8200000, 0x00000000e8200000, 0x00000000e8300000|  0%| F|  |TAMS 0x00000000e8200000, 0x00000000e8200000| Untracked 
| 131|0x00000000e8300000, 0x00000000e8300000, 0x00000000e8400000|  0%| F|  |TAMS 0x00000000e8300000, 0x00000000e8300000| Untracked 
| 132|0x00000000e8400000, 0x00000000e8400000, 0x00000000e8500000|  0%| F|  |TAMS 0x00000000e8400000, 0x00000000e8400000| Untracked 
| 133|0x00000000e8500000, 0x00000000e8500000, 0x00000000e8600000|  0%| F|  |TAMS 0x00000000e8500000, 0x00000000e8500000| Untracked 
| 134|0x00000000e8600000, 0x00000000e8600000, 0x00000000e8700000|  0%| F|  |TAMS 0x00000000e8600000, 0x00000000e8600000| Untracked 
| 135|0x00000000e8700000, 0x00000000e8700000, 0x00000000e8800000|  0%| F|  |TAMS 0x00000000e8700000, 0x00000000e8700000| Untracked 
| 136|0x00000000e8800000, 0x00000000e8800000, 0x00000000e8900000|  0%| F|  |TAMS 0x00000000e8800000, 0x00000000e8800000| Untracked 
| 137|0x00000000e8900000, 0x00000000e8900000, 0x00000000e8a00000|  0%| F|  |TAMS 0x00000000e8900000, 0x00000000e8900000| Untracked 
| 138|0x00000000e8a00000, 0x00000000e8a00000, 0x00000000e8b00000|  0%| F|  |TAMS 0x00000000e8a00000, 0x00000000e8a00000| Untracked 
| 139|0x00000000e8b00000, 0x00000000e8b00000, 0x00000000e8c00000|  0%| F|  |TAMS 0x00000000e8b00000, 0x00000000e8b00000| Untracked 
| 140|0x00000000e8c00000, 0x00000000e8c00000, 0x00000000e8d00000|  0%| F|  |TAMS 0x00000000e8c00000, 0x00000000e8c00000| Untracked 
| 141|0x00000000e8d00000, 0x00000000e8d00000, 0x00000000e8e00000|  0%| F|  |TAMS 0x00000000e8d00000, 0x00000000e8d00000| Untracked 
| 142|0x00000000e8e00000, 0x00000000e8e00000, 0x00000000e8f00000|  0%| F|  |TAMS 0x00000000e8e00000, 0x00000000e8e00000| Untracked 
| 143|0x00000000e8f00000, 0x00000000e8f00000, 0x00000000e9000000|  0%| F|  |TAMS 0x00000000e8f00000, 0x00000000e8f00000| Untracked 
| 144|0x00000000e9000000, 0x00000000e9000000, 0x00000000e9100000|  0%| F|  |TAMS 0x00000000e9000000, 0x00000000e9000000| Untracked 
| 145|0x00000000e9100000, 0x00000000e9100000, 0x00000000e9200000|  0%| F|  |TAMS 0x00000000e9100000, 0x00000000e9100000| Untracked 
| 146|0x00000000e9200000, 0x00000000e9200000, 0x00000000e9300000|  0%| F|  |TAMS 0x00000000e9200000, 0x00000000e9200000| Untracked 
| 147|0x00000000e9300000, 0x00000000e9300000, 0x00000000e9400000|  0%| F|  |TAMS 0x00000000e9300000, 0x00000000e9300000| Untracked 
| 148|0x00000000e9400000, 0x00000000e9400000, 0x00000000e9500000|  0%| F|  |TAMS 0x00000000e9400000, 0x00000000e9400000| Untracked 
| 149|0x00000000e9500000, 0x00000000e9500000, 0x00000000e9600000|  0%| F|  |TAMS 0x00000000e9500000, 0x00000000e9500000| Untracked 
| 150|0x00000000e9600000, 0x00000000e9600000, 0x00000000e9700000|  0%| F|  |TAMS 0x00000000e9600000, 0x00000000e9600000| Untracked 
| 151|0x00000000e9700000, 0x00000000e9700000, 0x00000000e9800000|  0%| F|  |TAMS 0x00000000e9700000, 0x00000000e9700000| Untracked 
| 152|0x00000000e9800000, 0x00000000e9800000, 0x00000000e9900000|  0%| F|  |TAMS 0x00000000e9800000, 0x00000000e9800000| Untracked 
| 153|0x00000000e9900000, 0x00000000e9900000, 0x00000000e9a00000|  0%| F|  |TAMS 0x00000000e9900000, 0x00000000e9900000| Untracked 
| 154|0x00000000e9a00000, 0x00000000e9a00000, 0x00000000e9b00000|  0%| F|  |TAMS 0x00000000e9a00000, 0x00000000e9a00000| Untracked 
| 155|0x00000000e9b00000, 0x00000000e9b00000, 0x00000000e9c00000|  0%| F|  |TAMS 0x00000000e9b00000, 0x00000000e9b00000| Untracked 
| 156|0x00000000e9c00000, 0x00000000e9c00000, 0x00000000e9d00000|  0%| F|  |TAMS 0x00000000e9c00000, 0x00000000e9c00000| Untracked 
| 157|0x00000000e9d00000, 0x00000000e9d00000, 0x00000000e9e00000|  0%| F|  |TAMS 0x00000000e9d00000, 0x00000000e9d00000| Untracked 
| 158|0x00000000e9e00000, 0x00000000e9e00000, 0x00000000e9f00000|  0%| F|  |TAMS 0x00000000e9e00000, 0x00000000e9e00000| Untracked 
| 159|0x00000000e9f00000, 0x00000000e9f00000, 0x00000000ea000000|  0%| F|  |TAMS 0x00000000e9f00000, 0x00000000e9f00000| Untracked 
| 160|0x00000000ea000000, 0x00000000ea000000, 0x00000000ea100000|  0%| F|  |TAMS 0x00000000ea000000, 0x00000000ea000000| Untracked 
| 161|0x00000000ea100000, 0x00000000ea100000, 0x00000000ea200000|  0%| F|  |TAMS 0x00000000ea100000, 0x00000000ea100000| Untracked 
| 162|0x00000000ea200000, 0x00000000ea200000, 0x00000000ea300000|  0%| F|  |TAMS 0x00000000ea200000, 0x00000000ea200000| Untracked 
| 163|0x00000000ea300000, 0x00000000ea300000, 0x00000000ea400000|  0%| F|  |TAMS 0x00000000ea300000, 0x00000000ea300000| Untracked 
| 164|0x00000000ea400000, 0x00000000ea400000, 0x00000000ea500000|  0%| F|  |TAMS 0x00000000ea400000, 0x00000000ea400000| Untracked 
| 165|0x00000000ea500000, 0x00000000ea500000, 0x00000000ea600000|  0%| F|  |TAMS 0x00000000ea500000, 0x00000000ea500000| Untracked 
| 166|0x00000000ea600000, 0x00000000ea600000, 0x00000000ea700000|  0%| F|  |TAMS 0x00000000ea600000, 0x00000000ea600000| Untracked 
| 167|0x00000000ea700000, 0x00000000ea700000, 0x00000000ea800000|  0%| F|  |TAMS 0x00000000ea700000, 0x00000000ea700000| Untracked 
| 168|0x00000000ea800000, 0x00000000ea800000, 0x00000000ea900000|  0%| F|  |TAMS 0x00000000ea800000, 0x00000000ea800000| Untracked 
| 169|0x00000000ea900000, 0x00000000ea900000, 0x00000000eaa00000|  0%| F|  |TAMS 0x00000000ea900000, 0x00000000ea900000| Untracked 
| 170|0x00000000eaa00000, 0x00000000eaa00000, 0x00000000eab00000|  0%| F|  |TAMS 0x00000000eaa00000, 0x00000000eaa00000| Untracked 
| 171|0x00000000eab00000, 0x00000000eab00000, 0x00000000eac00000|  0%| F|  |TAMS 0x00000000eab00000, 0x00000000eab00000| Untracked 
| 172|0x00000000eac00000, 0x00000000eac00000, 0x00000000ead00000|  0%| F|  |TAMS 0x00000000eac00000, 0x00000000eac00000| Untracked 
| 173|0x00000000ead00000, 0x00000000ead00000, 0x00000000eae00000|  0%| F|  |TAMS 0x00000000ead00000, 0x00000000ead00000| Untracked 
| 174|0x00000000eae00000, 0x00000000eae00000, 0x00000000eaf00000|  0%| F|  |TAMS 0x00000000eae00000, 0x00000000eae00000| Untracked 
| 175|0x00000000eaf00000, 0x00000000eaf00000, 0x00000000eb000000|  0%| F|  |TAMS 0x00000000eaf00000, 0x00000000eaf00000| Untracked 
| 176|0x00000000eb000000, 0x00000000eb000000, 0x00000000eb100000|  0%| F|  |TAMS 0x00000000eb000000, 0x00000000eb000000| Untracked 
| 177|0x00000000eb100000, 0x00000000eb100000, 0x00000000eb200000|  0%| F|  |TAMS 0x00000000eb100000, 0x00000000eb100000| Untracked 
| 178|0x00000000eb200000, 0x00000000eb200000, 0x00000000eb300000|  0%| F|  |TAMS 0x00000000eb200000, 0x00000000eb200000| Untracked 
| 179|0x00000000eb300000, 0x00000000eb300000, 0x00000000eb400000|  0%| F|  |TAMS 0x00000000eb300000, 0x00000000eb300000| Untracked 
| 180|0x00000000eb400000, 0x00000000eb400000, 0x00000000eb500000|  0%| F|  |TAMS 0x00000000eb400000, 0x00000000eb400000| Untracked 
| 181|0x00000000eb500000, 0x00000000eb500000, 0x00000000eb600000|  0%| F|  |TAMS 0x00000000eb500000, 0x00000000eb500000| Untracked 
| 182|0x00000000eb600000, 0x00000000eb600000, 0x00000000eb700000|  0%| F|  |TAMS 0x00000000eb600000, 0x00000000eb600000| Untracked 
| 183|0x00000000eb700000, 0x00000000eb700000, 0x00000000eb800000|  0%| F|  |TAMS 0x00000000eb700000, 0x00000000eb700000| Untracked 
| 184|0x00000000eb800000, 0x00000000eb800000, 0x00000000eb900000|  0%| F|  |TAMS 0x00000000eb800000, 0x00000000eb800000| Untracked 
| 185|0x00000000eb900000, 0x00000000eb900000, 0x00000000eba00000|  0%| F|  |TAMS 0x00000000eb900000, 0x00000000eb900000| Untracked 
| 186|0x00000000eba00000, 0x00000000eba00000, 0x00000000ebb00000|  0%| F|  |TAMS 0x00000000eba00000, 0x00000000eba00000| Untracked 
| 187|0x00000000ebb00000, 0x00000000ebb00000, 0x00000000ebc00000|  0%| F|  |TAMS 0x00000000ebb00000, 0x00000000ebb00000| Untracked 
| 188|0x00000000ebc00000, 0x00000000ebc00000, 0x00000000ebd00000|  0%| F|  |TAMS 0x00000000ebc00000, 0x00000000ebc00000| Untracked 
| 189|0x00000000ebd00000, 0x00000000ebd00000, 0x00000000ebe00000|  0%| F|  |TAMS 0x00000000ebd00000, 0x00000000ebd00000| Untracked 
| 190|0x00000000ebe00000, 0x00000000ebe00000, 0x00000000ebf00000|  0%| F|  |TAMS 0x00000000ebe00000, 0x00000000ebe00000| Untracked 
| 191|0x00000000ebf00000, 0x00000000ebf00000, 0x00000000ec000000|  0%| F|  |TAMS 0x00000000ebf00000, 0x00000000ebf00000| Untracked 
| 192|0x00000000ec000000, 0x00000000ec000000, 0x00000000ec100000|  0%| F|  |TAMS 0x00000000ec000000, 0x00000000ec000000| Untracked 
| 193|0x00000000ec100000, 0x00000000ec100000, 0x00000000ec200000|  0%| F|  |TAMS 0x00000000ec100000, 0x00000000ec100000| Untracked 
| 194|0x00000000ec200000, 0x00000000ec200000, 0x00000000ec300000|  0%| F|  |TAMS 0x00000000ec200000, 0x00000000ec200000| Untracked 
| 195|0x00000000ec300000, 0x00000000ec300000, 0x00000000ec400000|  0%| F|  |TAMS 0x00000000ec300000, 0x00000000ec300000| Untracked 
| 196|0x00000000ec400000, 0x00000000ec400000, 0x00000000ec500000|  0%| F|  |TAMS 0x00000000ec400000, 0x00000000ec400000| Untracked 
| 197|0x00000000ec500000, 0x00000000ec500000, 0x00000000ec600000|  0%| F|  |TAMS 0x00000000ec500000, 0x00000000ec500000| Untracked 
| 198|0x00000000ec600000, 0x00000000ec600000, 0x00000000ec700000|  0%| F|  |TAMS 0x00000000ec600000, 0x00000000ec600000| Untracked 
| 199|0x00000000ec700000, 0x00000000ec700000, 0x00000000ec800000|  0%| F|  |TAMS 0x00000000ec700000, 0x00000000ec700000| Untracked 
| 200|0x00000000ec800000, 0x00000000ec800000, 0x00000000ec900000|  0%| F|  |TAMS 0x00000000ec800000, 0x00000000ec800000| Untracked 
| 201|0x00000000ec900000, 0x00000000ec900000, 0x00000000eca00000|  0%| F|  |TAMS 0x00000000ec900000, 0x00000000ec900000| Untracked 
| 202|0x00000000eca00000, 0x00000000eca00000, 0x00000000ecb00000|  0%| F|  |TAMS 0x00000000eca00000, 0x00000000eca00000| Untracked 
| 203|0x00000000ecb00000, 0x00000000ecb00000, 0x00000000ecc00000|  0%| F|  |TAMS 0x00000000ecb00000, 0x00000000ecb00000| Untracked 
| 204|0x00000000ecc00000, 0x00000000ecc00000, 0x00000000ecd00000|  0%| F|  |TAMS 0x00000000ecc00000, 0x00000000ecc00000| Untracked 
| 205|0x00000000ecd00000, 0x00000000ecd00000, 0x00000000ece00000|  0%| F|  |TAMS 0x00000000ecd00000, 0x00000000ecd00000| Untracked 
| 206|0x00000000ece00000, 0x00000000ece00000, 0x00000000ecf00000|  0%| F|  |TAMS 0x00000000ece00000, 0x00000000ece00000| Untracked 
| 207|0x00000000ecf00000, 0x00000000ecf00000, 0x00000000ed000000|  0%| F|  |TAMS 0x00000000ecf00000, 0x00000000ecf00000| Untracked 
| 208|0x00000000ed000000, 0x00000000ed000000, 0x00000000ed100000|  0%| F|  |TAMS 0x00000000ed000000, 0x00000000ed000000| Untracked 
| 209|0x00000000ed100000, 0x00000000ed100000, 0x00000000ed200000|  0%| F|  |TAMS 0x00000000ed100000, 0x00000000ed100000| Untracked 
| 210|0x00000000ed200000, 0x00000000ed200000, 0x00000000ed300000|  0%| F|  |TAMS 0x00000000ed200000, 0x00000000ed200000| Untracked 
| 211|0x00000000ed300000, 0x00000000ed300000, 0x00000000ed400000|  0%| F|  |TAMS 0x00000000ed300000, 0x00000000ed300000| Untracked 
| 212|0x00000000ed400000, 0x00000000ed400000, 0x00000000ed500000|  0%| F|  |TAMS 0x00000000ed400000, 0x00000000ed400000| Untracked 
| 213|0x00000000ed500000, 0x00000000ed500000, 0x00000000ed600000|  0%| F|  |TAMS 0x00000000ed500000, 0x00000000ed500000| Untracked 
| 214|0x00000000ed600000, 0x00000000ed600000, 0x00000000ed700000|  0%| F|  |TAMS 0x00000000ed600000, 0x00000000ed600000| Untracked 
| 215|0x00000000ed700000, 0x00000000ed700000, 0x00000000ed800000|  0%| F|  |TAMS 0x00000000ed700000, 0x00000000ed700000| Untracked 
| 216|0x00000000ed800000, 0x00000000ed800000, 0x00000000ed900000|  0%| F|  |TAMS 0x00000000ed800000, 0x00000000ed800000| Untracked 
| 217|0x00000000ed900000, 0x00000000ed900000, 0x00000000eda00000|  0%| F|  |TAMS 0x00000000ed900000, 0x00000000ed900000| Untracked 
| 218|0x00000000eda00000, 0x00000000eda00000, 0x00000000edb00000|  0%| F|  |TAMS 0x00000000eda00000, 0x00000000eda00000| Untracked 
| 219|0x00000000edb00000, 0x00000000edb00000, 0x00000000edc00000|  0%| F|  |TAMS 0x00000000edb00000, 0x00000000edb00000| Untracked 
| 220|0x00000000edc00000, 0x00000000edc00000, 0x00000000edd00000|  0%| F|  |TAMS 0x00000000edc00000, 0x00000000edc00000| Untracked 
| 221|0x00000000edd00000, 0x00000000edd00000, 0x00000000ede00000|  0%| F|  |TAMS 0x00000000edd00000, 0x00000000edd00000| Untracked 
| 222|0x00000000ede00000, 0x00000000ede00000, 0x00000000edf00000|  0%| F|  |TAMS 0x00000000ede00000, 0x00000000ede00000| Untracked 
| 223|0x00000000edf00000, 0x00000000edf00000, 0x00000000ee000000|  0%| F|  |TAMS 0x00000000edf00000, 0x00000000edf00000| Untracked 
| 224|0x00000000ee000000, 0x00000000ee000000, 0x00000000ee100000|  0%| F|  |TAMS 0x00000000ee000000, 0x00000000ee000000| Untracked 
| 225|0x00000000ee100000, 0x00000000ee100000, 0x00000000ee200000|  0%| F|  |TAMS 0x00000000ee100000, 0x00000000ee100000| Untracked 
| 226|0x00000000ee200000, 0x00000000ee200000, 0x00000000ee300000|  0%| F|  |TAMS 0x00000000ee200000, 0x00000000ee200000| Untracked 
| 227|0x00000000ee300000, 0x00000000ee300000, 0x00000000ee400000|  0%| F|  |TAMS 0x00000000ee300000, 0x00000000ee300000| Untracked 
| 228|0x00000000ee400000, 0x00000000ee400000, 0x00000000ee500000|  0%| F|  |TAMS 0x00000000ee400000, 0x00000000ee400000| Untracked 
| 229|0x00000000ee500000, 0x00000000ee500000, 0x00000000ee600000|  0%| F|  |TAMS 0x00000000ee500000, 0x00000000ee500000| Untracked 
| 230|0x00000000ee600000, 0x00000000ee600000, 0x00000000ee700000|  0%| F|  |TAMS 0x00000000ee600000, 0x00000000ee600000| Untracked 
| 231|0x00000000ee700000, 0x00000000ee700000, 0x00000000ee800000|  0%| F|  |TAMS 0x00000000ee700000, 0x00000000ee700000| Untracked 
| 232|0x00000000ee800000, 0x00000000ee800000, 0x00000000ee900000|  0%| F|  |TAMS 0x00000000ee800000, 0x00000000ee800000| Untracked 
| 233|0x00000000ee900000, 0x00000000eea00000, 0x00000000eea00000|100%| S|CS|TAMS 0x00000000ee900000, 0x00000000ee900000| Complete 
| 234|0x00000000eea00000, 0x00000000eeb00000, 0x00000000eeb00000|100%| S|CS|TAMS 0x00000000eea00000, 0x00000000eea00000| Complete 
| 235|0x00000000eeb00000, 0x00000000eeb00000, 0x00000000eec00000|  0%| F|  |TAMS 0x00000000eeb00000, 0x00000000eeb00000| Untracked 
| 236|0x00000000eec00000, 0x00000000eec00000, 0x00000000eed00000|  0%| F|  |TAMS 0x00000000eec00000, 0x00000000eec00000| Untracked 
| 237|0x00000000eed00000, 0x00000000eed00000, 0x00000000eee00000|  0%| F|  |TAMS 0x00000000eed00000, 0x00000000eed00000| Untracked 
| 238|0x00000000eee00000, 0x00000000eee2f680, 0x00000000eef00000| 18%| E|  |TAMS 0x00000000eee00000, 0x00000000eee00000| Complete 
| 239|0x00000000eef00000, 0x00000000eeffed70, 0x00000000ef000000| 99%| E|  |TAMS 0x00000000eef00000, 0x00000000eef00000| Complete 
| 240|0x00000000ef000000, 0x00000000ef100000, 0x00000000ef100000|100%| E|CS|TAMS 0x00000000ef000000, 0x00000000ef000000| Complete 
| 241|0x00000000ef100000, 0x00000000ef200000, 0x00000000ef200000|100%| E|CS|TAMS 0x00000000ef100000, 0x00000000ef100000| Complete 
| 242|0x00000000ef200000, 0x00000000ef300000, 0x00000000ef300000|100%| E|CS|TAMS 0x00000000ef200000, 0x00000000ef200000| Complete 
| 243|0x00000000ef300000, 0x00000000ef400000, 0x00000000ef400000|100%| E|CS|TAMS 0x00000000ef300000, 0x00000000ef300000| Complete 
| 244|0x00000000ef400000, 0x00000000ef500000, 0x00000000ef500000|100%| E|CS|TAMS 0x00000000ef400000, 0x00000000ef400000| Complete 
| 245|0x00000000ef500000, 0x00000000ef600000, 0x00000000ef600000|100%| E|CS|TAMS 0x00000000ef500000, 0x00000000ef500000| Complete 
| 246|0x00000000ef600000, 0x00000000ef700000, 0x00000000ef700000|100%| E|CS|TAMS 0x00000000ef600000, 0x00000000ef600000| Complete 
| 247|0x00000000ef700000, 0x00000000ef800000, 0x00000000ef800000|100%| E|CS|TAMS 0x00000000ef700000, 0x00000000ef700000| Complete 
| 510|0x00000000ffe00000, 0x00000000ffe52000, 0x00000000fff00000| 32%|OA|  |TAMS 0x00000000ffe00000, 0x00000000ffe00000| Untracked 
| 511|0x00000000fff00000, 0x00000000fff7c000, 0x0000000100000000| 48%|CA|  |TAMS 0x00000000fff00000, 0x00000000fff00000| Untracked 

Card table byte_map: [0x00007fa3e5ee0000,0x00007fa3e5fe0000] _byte_map_base: 0x00007fa3e57e0000

Marking Bits (Prev, Next): (CMBitMap*) 0x00007fa3e0050780, (CMBitMap*) 0x00007fa3e00507c0
 Prev Bits: [0x00007fa3e55e0000, 0x00007fa3e5de0000)
 Next Bits: [0x00007fa3e4de0000, 0x00007fa3e55e0000)

Polling page: 0x00007fa3e872d000

Metaspace:

Usage:
  Non-class:      7,62 MB capacity,     6,69 MB ( 88%) used,   937,14 KB ( 12%) free+waste,     7,94 KB ( <1%) overhead. 
      Class:    912,00 KB capacity,   848,41 KB ( 93%) used,    60,15 KB (  7%) free+waste,     3,44 KB ( <1%) overhead. 
       Both:      8,51 MB capacity,     7,52 MB ( 88%) used,   997,29 KB ( 11%) free+waste,    11,38 KB ( <1%) overhead. 

Virtual space:
  Non-class space:        8,00 MB reserved,       7,75 MB ( 97%) committed 
      Class space:        1,00 GB reserved,       1,00 MB ( <1%) committed 
             Both:        1,01 GB reserved,       8,75 MB ( <1%) committed 

Chunk freelists:
   Non-Class:  58,00 KB
       Class:  0 bytes
        Both:  58,00 KB

MaxMetaspaceSize: 17179869184,00 GB
CompressedClassSpaceSize: 1,00 GB

CodeHeap 'non-profiled nmethods': size=120032Kb used=341Kb max_used=341Kb free=119690Kb
 bounds [0x00007fa3d050d000, 0x00007fa3d077d000, 0x00007fa3d7a45000]
CodeHeap 'profiled nmethods': size=120028Kb used=1692Kb max_used=1692Kb free=118335Kb
 bounds [0x00007fa3c8fd6000, 0x00007fa3c9246000, 0x00007fa3d050d000]
CodeHeap 'non-nmethods': size=5700Kb used=1165Kb max_used=1198Kb free=4534Kb
 bounds [0x00007fa3c8a45000, 0x00007fa3c8cb5000, 0x00007fa3c8fd6000]
 total_blobs=1386 nmethods=959 adapters=341
 compilation: enabled
              stopped_count=0, restarted_count=0
 full_count=0

Compilation events (20 events):
Event: 0,642 Thread 0x00007fa3e01474d0  951       1       org.gradle.internal.io.StreamByteBuffer::access$000 (5 bytes)
Event: 0,642 Thread 0x00007fa3e01474d0 nmethod 951 0x00007fa3d055aa90 code [0x00007fa3d055ac20, 0x00007fa3d055acb0]
Event: 0,642 Thread 0x00007fa3e01474d0  956       3       org.gradle.internal.io.StreamByteBuffer::allocateSpace (73 bytes)
Event: 0,642 Thread 0x00007fa3e01474d0 nmethod 956 0x00007fa3c917a990 code [0x00007fa3c917aba0, 0x00007fa3c917b320]
Event: 0,642 Thread 0x00007fa3e01474d0  954       3       org.gradle.internal.io.LineBufferingOutputStream::write (59 bytes)
Event: 0,644 Thread 0x00007fa3e01474d0 nmethod 954 0x00007fa3c917b610 code [0x00007fa3c917b880, 0x00007fa3c917c410]
Event: 0,644 Thread 0x00007fa3e01474d0  955       3       org.gradle.internal.io.StreamByteBuffer$StreamByteBufferOutputStream::write (22 bytes)
Event: 0,644 Thread 0x00007fa3e01474d0 nmethod 955 0x00007fa3c917c890 code [0x00007fa3c917ca40, 0x00007fa3c917cc10]
Event: 0,644 Thread 0x00007fa3e01474d0  953       3       java.util.Calendar::internalSet (8 bytes)
Event: 0,644 Thread 0x00007fa3e01474d0 nmethod 953 0x00007fa3c917cd90 code [0x00007fa3c917cf20, 0x00007fa3c917d050]
Event: 0,644 Thread 0x00007fa3e01474d0  957       1       java.util.concurrent.locks.AbstractOwnableSynchronizer::setExclusiveOwnerThread (6 bytes)
Event: 0,644 Thread 0x00007fa3e01474d0 nmethod 957 0x00007fa3d055ad90 code [0x00007fa3d055af20, 0x00007fa3d055b010]
Event: 0,644 Thread 0x00007fa3e01474d0  958       1       java.util.concurrent.locks.AbstractQueuedSynchronizer::getState (5 bytes)
Event: 0,644 Thread 0x00007fa3e01474d0 nmethod 958 0x00007fa3d055b090 code [0x00007fa3d055b220, 0x00007fa3d055b2d0]
Event: 0,645 Thread 0x00007fa3e0145ca0 nmethod 952 0x00007fa3d055b390 code [0x00007fa3d055b500, 0x00007fa3d055b7d8]
Event: 0,645 Thread 0x00007fa3e0145ca0  959       4       java.lang.String::replace (42 bytes)
Event: 0,657 Thread 0x00007fa394126d50 nmethod 901 0x00007fa3d055b990 code [0x00007fa3d055be00, 0x00007fa3d055f028]
Event: 0,657 Thread 0x00007fa394126d50  949 % !   4       java.util.concurrent.ConcurrentHashMap::transfer @ 96 (849 bytes)
Event: 0,661 Thread 0x00007fa3e0145ca0 nmethod 959 0x00007fa3d0560a90 code [0x00007fa3d0560c20, 0x00007fa3d0561278]
Event: 0,661 Thread 0x00007fa3e0145ca0  960       4       java.lang.String::regionMatches (150 bytes)

GC Heap History (2 events):
Event: 0,462 GC heap before
{Heap before GC invocations=0 (full 0):
 garbage-first heap   total 256000K, used 14136K [0x00000000e0000000, 0x0000000100000000)
  region size 1024K, 13 young (13312K), 0 survivors (0K)
 Metaspace       used 4967K, capacity 6592K, committed 6784K, reserved 1056768K
  class space    used 642K, capacity 782K, committed 896K, reserved 1048576K
}
Event: 0,465 GC heap after
{Heap after GC invocations=1 (full 0):
 garbage-first heap   total 256000K, used 4053K [0x00000000e0000000, 0x0000000100000000)
  region size 1024K, 2 young (2048K), 2 survivors (2048K)
 Metaspace       used 4967K, capacity 6592K, committed 6784K, reserved 1056768K
  class space    used 642K, capacity 782K, committed 896K, reserved 1048576K
}

Deoptimization events (20 events):
Event: 0,558 Thread 0x00007fa3e04d0e60 DEOPT PACKING pc=0x00007fa3c910994d sp=0x00007fa383ff6170
Event: 0,558 Thread 0x00007fa3e04d0e60 DEOPT UNPACKING pc=0x00007fa3c8a92f2b sp=0x00007fa383ff5610 mode 0
Event: 0,588 Thread 0x00007fa3e04d0e60 Uncommon trap: trap_request=0xffffff45 fr.pc=0x00007fa3d053bc3c relative=0x000000000000049c
Event: 0,588 Thread 0x00007fa3e04d0e60 Uncommon trap: reason=unstable_if action=reinterpret pc=0x00007fa3d053bc3c method=java.lang.AbstractStringBuilder.putStringAt(ILjava/lang/String;)V @ 8 c2
Event: 0,588 Thread 0x00007fa3e04d0e60 DEOPT PACKING pc=0x00007fa3d053bc3c sp=0x00007fa383ff9110
Event: 0,588 Thread 0x00007fa3e04d0e60 DEOPT UNPACKING pc=0x00007fa3c8a93125 sp=0x00007fa383ff9028 mode 2
Event: 0,588 Thread 0x00007fa3e04d0e60 Uncommon trap: trap_request=0xffffff45 fr.pc=0x00007fa3d053c7ac relative=0x000000000000048c
Event: 0,588 Thread 0x00007fa3e04d0e60 Uncommon trap: reason=unstable_if action=reinterpret pc=0x00007fa3d053c7ac method=java.lang.AbstractStringBuilder.putStringAt(ILjava/lang/String;)V @ 8 c2
Event: 0,588 Thread 0x00007fa3e04d0e60 DEOPT PACKING pc=0x00007fa3d053c7ac sp=0x00007fa383ff90c0
Event: 0,588 Thread 0x00007fa3e04d0e60 DEOPT UNPACKING pc=0x00007fa3c8a93125 sp=0x00007fa383ff9030 mode 2
Event: 0,588 Thread 0x00007fa3e04d0e60 Uncommon trap: trap_request=0xffffff45 fr.pc=0x00007fa3d052c2e4 relative=0x00000000000000e4
Event: 0,588 Thread 0x00007fa3e04d0e60 Uncommon trap: reason=unstable_if action=reinterpret pc=0x00007fa3d052c2e4 method=java.lang.String.getBytes([BIB)V @ 5 c2
Event: 0,588 Thread 0x00007fa3e04d0e60 DEOPT PACKING pc=0x00007fa3d052c2e4 sp=0x00007fa383ff8fe0
Event: 0,588 Thread 0x00007fa3e04d0e60 DEOPT UNPACKING pc=0x00007fa3c8a93125 sp=0x00007fa383ff8fa8 mode 2
Event: 0,588 Thread 0x00007fa3e04d0e60 Uncommon trap: trap_request=0xffffff45 fr.pc=0x00007fa3d0547aa8 relative=0x0000000000000388
Event: 0,588 Thread 0x00007fa3e04d0e60 Uncommon trap: reason=unstable_if action=reinterpret pc=0x00007fa3d0547aa8 method=java.lang.StringBuilder.toString()Ljava/lang/String; @ 4 c2
Event: 0,588 Thread 0x00007fa3e04d0e60 DEOPT PACKING pc=0x00007fa3d0547aa8 sp=0x00007fa383ff9140
Event: 0,588 Thread 0x00007fa3e04d0e60 DEOPT UNPACKING pc=0x00007fa3c8a93125 sp=0x00007fa383ff9120 mode 2
Event: 0,598 Thread 0x00007fa3e04d0e60 DEOPT PACKING pc=0x00007fa3c90e0d1f sp=0x00007fa383ff4380
Event: 0,598 Thread 0x00007fa3e04d0e60 DEOPT UNPACKING pc=0x00007fa3c8a92f2b sp=0x00007fa383ff37f0 mode 0

Classes unloaded (0 events):
No events

Classes redefined (0 events):
No events

Internal exceptions (20 events):
Event: 0,247 Thread 0x00007fa3e00292a0 Exception <a 'java/lang/NoSuchMethodError'{0x00000000ef27d5f0}: 'java.lang.Object java.lang.invoke.Invokers$Holder.invoker(java.lang.Object, java.lang.Object, java.lang.Object)'> (0x00000000ef27d5f0) 
thrown [./src/hotspot/share/interpreter/linkResolver.cpp, line 782]
Event: 0,249 Thread 0x00007fa3e00292a0 Exception <a 'java/lang/NoSuchMethodError'{0x00000000ef287928}: 'java.lang.Object java.lang.invoke.DirectMethodHandle$Holder.invokeStatic(java.lang.Object, java.lang.Object, int)'> (0x00000000ef287928) 
thrown [./src/hotspot/share/interpreter/linkResolver.cpp, line 782]
Event: 0,250 Thread 0x00007fa3e00292a0 Exception <a 'java/lang/NoSuchMethodError'{0x00000000ef293ad8}: 'void java.lang.invoke.DelegatingMethodHandle$Holder.delegate(java.lang.Object, java.lang.Object, int, java.lang.Object)'> (0x00000000ef293ad8) 
thrown [./src/hotspot/share/interpreter/linkResolver.cpp, line 782]
Event: 0,251 Thread 0x00007fa3e00292a0 Exception <a 'java/lang/NoSuchMethodError'{0x00000000ef297db0}: 'int java.lang.invoke.DirectMethodHandle$Holder.invokeSpecial(java.lang.Object, java.lang.Object, java.lang.Object)'> (0x00000000ef297db0) 
thrown [./src/hotspot/share/interpreter/linkResolver.cpp, line 782]
Event: 0,254 Thread 0x00007fa3e00292a0 Exception <a 'java/lang/NoSuchMethodError'{0x00000000ef2ab858}: 'java.lang.Object java.lang.invoke.Invokers$Holder.invokeExact_MT(java.lang.Object, java.lang.Object, java.lang.Object, java.lang.Object)'> (0x00000000ef2ab858) 
thrown [./src/hotspot/share/interpreter/linkResolver.cpp, line 782]
Event: 0,308 Thread 0x00007fa3e00292a0 Exception <a 'java/lang/NoSuchMethodError'{0x00000000ef064b70}: 'java.lang.Object java.lang.invoke.DirectMethodHandle$Holder.invokeStatic(java.lang.Object)'> (0x00000000ef064b70) 
thrown [./src/hotspot/share/interpreter/linkResolver.cpp, line 782]
Event: 0,308 Thread 0x00007fa3e00292a0 Exception <a 'java/lang/NoSuchMethodError'{0x00000000ef0681e0}: 'java.lang.Object java.lang.invoke.DirectMethodHandle$Holder.invokeStaticInit(java.lang.Object)'> (0x00000000ef0681e0) 
thrown [./src/hotspot/share/interpreter/linkResolver.cpp, line 782]
Event: 0,320 Thread 0x00007fa3e00292a0 Exception <a 'java/lang/NoSuchMethodError'{0x00000000ef0a30f0}: static Ljava/lang/Object;.<clinit>()V> (0x00000000ef0a30f0) 
thrown [./src/hotspot/share/prims/jni.cpp, line 1204]
Event: 0,325 Thread 0x00007fa3e00292a0 Exception <a 'java/lang/NoSuchMethodError'{0x00000000ef0ba830}: 'void java.lang.invoke.DirectMethodHandle$Holder.invokeStatic(java.lang.Object, java.lang.Object)'> (0x00000000ef0ba830) 
thrown [./src/hotspot/share/interpreter/linkResolver.cpp, line 782]
Event: 0,326 Thread 0x00007fa3e00292a0 Exception <a 'java/lang/NoSuchMethodError'{0x00000000ef0be238}: 'void java.lang.invoke.DirectMethodHandle$Holder.invokeStaticInit(java.lang.Object, java.lang.Object)'> (0x00000000ef0be238) 
thrown [./src/hotspot/share/interpreter/linkResolver.cpp, line 782]
Event: 0,335 Thread 0x00007fa3e00292a0 Exception <a 'java/lang/NoSuchMethodError'{0x00000000ef0f7b60}: static Lorg/gradle/api/internal/tasks/testing/junit/JUnitTestFramework$TestClassProcessorFactoryImpl;.<clinit>()V> (0x00000000ef0f7b60) 
thrown [./src/hotspot/share/prims/jni.cpp, line 1204]
Event: 0,336 Thread 0x00007fa3e00292a0 Exception <a 'java/lang/NoSuchMethodError'{0x00000000eef00298}: static Lorg/gradle/api/internal/tasks/testing/junit/AbstractJUnitSpec;.<clinit>()V> (0x00000000eef00298) 
thrown [./src/hotspot/share/prims/jni.cpp, line 1204]
Event: 0,337 Thread 0x00007fa3e00292a0 Exception <a 'java/lang/NoSuchMethodError'{0x00000000eef08370}: static Lorg/gradle/api/internal/tasks/testing/junit/JUnitSpec;.<clinit>()V> (0x00000000eef08370) 
thrown [./src/hotspot/share/prims/jni.cpp, line 1204]
Event: 0,472 Thread 0x00007fa3e04d0e60 Exception <a 'java/lang/NoSuchMethodError'{0x00000000ef71edb0}: 'java.lang.Object java.lang.invoke.DirectMethodHandle$Holder.invokeInterface(java.lang.Object, java.lang.Object)'> (0x00000000ef71edb0) 
thrown [./src/hotspot/share/interpreter/linkResolver.cpp, line 782]
Event: 0,472 Thread 0x00007fa3e04d0e60 Exception <a 'java/lang/IncompatibleClassChangeError'{0x00000000ef722a50}: Found class java.lang.Object, but interface was expected> (0x00000000ef722a50) 
thrown [./src/hotspot/share/interpreter/linkResolver.cpp, line 848]
Event: 0,490 Thread 0x00007fa3e04d0e60 Exception <a 'java/lang/NoSuchMethodError'{0x00000000ef7ade60}: 'java.lang.Object java.lang.invoke.DirectMethodHandle$Holder.newInvokeSpecial(java.lang.Object, java.lang.Object, java.lang.Object, java.lang.Object, java.lang.Object)'> (0x00000000ef7ade60) 
thrown [./src/hotspot/share/interpreter/linkResolver.cpp, line 782]
Event: 0,585 Thread 0x00007fa3e04d0e60 Exception <a 'java/lang/ClassNotFoundException'{0x00000000ef2252c8}: javax/smartcardio/CardPermission> (0x00000000ef2252c8) 
thrown [./src/hotspot/share/classfile/systemDictionary.cpp, line 295]
Event: 0,588 Thread 0x00007fa3e04d0e60 Exception <a 'java/io/FileNotFoundException'{0x00000000ef2596a8}> (0x00000000ef2596a8) 
thrown [./src/hotspot/share/prims/jni.cpp, line 578]
Event: 0,617 Thread 0x00007fa3e04d0e60 Exception <a 'java/lang/NoSuchMethodError'{0x00000000ef156a68}: 'org.slf4j.impl.StaticMarkerBinder org.slf4j.impl.StaticMarkerBinder.getSingleton()'> (0x00000000ef156a68) 
thrown [./src/hotspot/share/interpreter/linkResolver.cpp, line 782]
Event: 0,622 Thread 0x00007fa3e04d0e60 Exception <a 'java/lang/NoSuchMethodError'{0x00000000ef18ac48}: 'org.slf4j.impl.StaticMDCBinder org.slf4j.impl.StaticMDCBinder.getSingleton()'> (0x00000000ef18ac48) 
thrown [./src/hotspot/share/interpreter/linkResolver.cpp, line 782]

Events (20 events):
Event: 0,628 loading class sun/net/ProgressMonitor done
Event: 0,628 loading class sun/net/DefaultProgressMeteringPolicy
Event: 0,628 loading class sun/net/ProgressMeteringPolicy
Event: 0,628 loading class sun/net/ProgressMeteringPolicy done
Event: 0,628 loading class sun/net/DefaultProgressMeteringPolicy done
Event: 0,629 loading class java/io/File$TempDirectory
Event: 0,629 loading class java/io/File$TempDirectory done
Event: 0,629 loading class java/security/SecureRandom
Event: 0,629 loading class java/security/SecureRandom done
Event: 0,629 loading class java/security/SecureRandomParameters
Event: 0,629 loading class java/security/SecureRandomParameters done
Event: 0,630 loading class sun/security/provider/SecureRandom
Event: 0,630 loading class sun/security/provider/SecureRandom done
Event: 0,630 loading class java/io/DeleteOnExitHook
Event: 0,631 loading class java/io/DeleteOnExitHook done
Event: 0,631 loading class java/io/DeleteOnExitHook$1
Event: 0,631 loading class java/io/DeleteOnExitHook$1 done
Event: 0,633 loading class java/io/FileOutputStream$1
Event: 0,634 loading class java/io/FileOutputStream$1 done
Event: 0,637 Loaded shared library /tmp/nativelib18406808429517196883.tmp/libjglucose.so


Dynamic libraries:
e0000000-ef800000 rw-p 00000000 00:00 0 
ef800000-ffe00000 ---p 00000000 00:00 0 
ffe00000-ffe52000 rw-p 00bed000 08:05 16253374                           /home/michael/.jdks/azul-15.0.4/lib/server/classes.jsa
ffe52000-fff00000 rw-p 00000000 00:00 0 
fff00000-fff7c000 rw-p 00b71000 08:05 16253374                           /home/michael/.jdks/azul-15.0.4/lib/server/classes.jsa
fff7c000-100000000 rw-p 00000000 00:00 0 
800000000-800003000 rwxp 00001000 08:05 16253374                         /home/michael/.jdks/azul-15.0.4/lib/server/classes.jsa
800003000-8003ea000 rw-p 00004000 08:05 16253374                         /home/michael/.jdks/azul-15.0.4/lib/server/classes.jsa
8003ea000-800b3c000 r--p 003eb000 08:05 16253374                         /home/michael/.jdks/azul-15.0.4/lib/server/classes.jsa
800b3c000-800c3c000 rw-p 00000000 00:00 0 
800c3c000-840b3c000 ---p 00000000 00:00 0 
555c8a800000-555c8a801000 r-xp 00000000 08:05 16253249                   /home/michael/.jdks/azul-15.0.4/bin/java
555c8aa01000-555c8aa02000 r--p 00001000 08:05 16253249                   /home/michael/.jdks/azul-15.0.4/bin/java
555c8aa02000-555c8aa03000 rw-p 00002000 08:05 16253249                   /home/michael/.jdks/azul-15.0.4/bin/java
555c8af77000-555c8af98000 rw-p 00000000 00:00 0                          [heap]
7fa360000000-7fa360021000 rw-p 00000000 00:00 0 
7fa360021000-7fa364000000 ---p 00000000 00:00 0 
7fa368000000-7fa368021000 rw-p 00000000 00:00 0 
7fa368021000-7fa36c000000 ---p 00000000 00:00 0 
7fa36c000000-7fa36c021000 rw-p 00000000 00:00 0 
7fa36c021000-7fa370000000 ---p 00000000 00:00 0 
7fa370000000-7fa370021000 rw-p 00000000 00:00 0 
7fa370021000-7fa374000000 ---p 00000000 00:00 0 
7fa374000000-7fa374073000 rw-p 00000000 00:00 0 
7fa374073000-7fa378000000 ---p 00000000 00:00 0 
7fa378000000-7fa378258000 rw-p 00000000 00:00 0 
7fa378258000-7fa37c000000 ---p 00000000 00:00 0 
7fa37c000000-7fa37c301000 rw-p 00000000 00:00 0 
7fa37c301000-7fa380000000 ---p 00000000 00:00 0 
7fa3833d4000-7fa383815000 rw-p 00000000 00:00 0 
7fa383815000-7fa3838ab000 r--p 00000000 08:05 18883002                   /usr/lib/x86_64-linux-gnu/libstdc++.so.6.0.28
7fa3838ab000-7fa38399c000 r-xp 00096000 08:05 18883002                   /usr/lib/x86_64-linux-gnu/libstdc++.so.6.0.28
7fa38399c000-7fa3839e5000 r--p 00187000 08:05 18883002                   /usr/lib/x86_64-linux-gnu/libstdc++.so.6.0.28
7fa3839e5000-7fa3839e6000 ---p 001d0000 08:05 18883002                   /usr/lib/x86_64-linux-gnu/libstdc++.so.6.0.28
7fa3839e6000-7fa3839f1000 r--p 001d0000 08:05 18883002                   /usr/lib/x86_64-linux-gnu/libstdc++.so.6.0.28
7fa3839f1000-7fa3839f4000 rw-p 001db000 08:05 18883002                   /usr/lib/x86_64-linux-gnu/libstdc++.so.6.0.28
7fa3839f4000-7fa3839f7000 rw-p 00000000 00:00 0 
7fa3839f7000-7fa3839f8000 ---p 00000000 00:00 0 
7fa3839f8000-7fa383af9000 rw-p 00000000 00:00 0 
7fa383af9000-7fa383afa000 ---p 00000000 00:00 0 
7fa383afa000-7fa383bfb000 rw-p 00000000 00:00 0 
7fa383bfb000-7fa383bfc000 ---p 00000000 00:00 0 
7fa383bfc000-7fa383cfd000 rw-p 00000000 00:00 0 
7fa383cfd000-7fa383d01000 ---p 00000000 00:00 0 
7fa383d01000-7fa383dfe000 rw-p 00000000 00:00 0 
7fa383dfe000-7fa383e02000 ---p 00000000 00:00 0 
7fa383e02000-7fa383eff000 rw-p 00000000 00:00 0 
7fa383eff000-7fa383f03000 ---p 00000000 00:00 0 
7fa383f03000-7fa384000000 rw-p 00000000 00:00 0 
7fa384000000-7fa384021000 rw-p 00000000 00:00 0 
7fa384021000-7fa388000000 ---p 00000000 00:00 0 
7fa388000000-7fa388021000 rw-p 00000000 00:00 0 
7fa388021000-7fa38c000000 ---p 00000000 00:00 0 
7fa38c000000-7fa38c021000 rw-p 00000000 00:00 0 
7fa38c021000-7fa390000000 ---p 00000000 00:00 0 
7fa390000000-7fa390021000 rw-p 00000000 00:00 0 
7fa390021000-7fa394000000 ---p 00000000 00:00 0 
7fa394000000-7fa394389000 rw-p 00000000 00:00 0 
7fa394389000-7fa398000000 ---p 00000000 00:00 0 
7fa398000000-7fa39832f000 rw-p 00000000 00:00 0 
7fa39832f000-7fa39c000000 ---p 00000000 00:00 0 
7fa39c000000-7fa39c021000 rw-p 00000000 00:00 0 
7fa39c021000-7fa3a0000000 ---p 00000000 00:00 0 
7fa3a0000000-7fa3a0021000 rw-p 00000000 00:00 0 
7fa3a0021000-7fa3a4000000 ---p 00000000 00:00 0 
7fa3a4000000-7fa3a4021000 rw-p 00000000 00:00 0 
7fa3a4021000-7fa3a8000000 ---p 00000000 00:00 0 
7fa3a8000000-7fa3a8021000 rw-p 00000000 00:00 0 
7fa3a8021000-7fa3ac000000 ---p 00000000 00:00 0 
7fa3ac000000-7fa3ac021000 rw-p 00000000 00:00 0 
7fa3ac021000-7fa3b0000000 ---p 00000000 00:00 0 
7fa3b0000000-7fa3b0021000 rw-p 00000000 00:00 0 
7fa3b0021000-7fa3b4000000 ---p 00000000 00:00 0 
7fa3b4000000-7fa3b4021000 rw-p 00000000 00:00 0 
7fa3b4021000-7fa3b8000000 ---p 00000000 00:00 0 
7fa3b8082000-7fa3b8085000 r--p 00000000 08:05 18882199                   /usr/lib/x86_64-linux-gnu/libgcc_s.so.1
7fa3b8085000-7fa3b8097000 r-xp 00003000 08:05 18882199                   /usr/lib/x86_64-linux-gnu/libgcc_s.so.1
7fa3b8097000-7fa3b809b000 r--p 00015000 08:05 18882199                   /usr/lib/x86_64-linux-gnu/libgcc_s.so.1
7fa3b809b000-7fa3b809c000 r--p 00018000 08:05 18882199                   /usr/lib/x86_64-linux-gnu/libgcc_s.so.1
7fa3b809c000-7fa3b809d000 rw-p 00019000 08:05 18882199                   /usr/lib/x86_64-linux-gnu/libgcc_s.so.1
7fa3b80d6000-7fa3b80d8000 r-xp 00000000 08:05 16253380                   /home/michael/.jdks/azul-15.0.4/lib/libextnet.so
7fa3b80d8000-7fa3b82d7000 ---p 00002000 08:05 16253380                   /home/michael/.jdks/azul-15.0.4/lib/libextnet.so
7fa3b82d7000-7fa3b82d8000 r--p 00001000 08:05 16253380                   /home/michael/.jdks/azul-15.0.4/lib/libextnet.so
7fa3b82d8000-7fa3b82d9000 rw-p 00000000 00:00 0 
7fa3b82d9000-7fa3b82dd000 ---p 00000000 00:00 0 
7fa3b82dd000-7fa3b83da000 rw-p 00000000 00:00 0 
7fa3b83da000-7fa3b83e7000 r-xp 00000000 08:05 16253378                   /home/michael/.jdks/azul-15.0.4/lib/libverify.so
7fa3b83e7000-7fa3b85e6000 ---p 0000d000 08:05 16253378                   /home/michael/.jdks/azul-15.0.4/lib/libverify.so
7fa3b85e6000-7fa3b85e8000 r--p 0000c000 08:05 16253378                   /home/michael/.jdks/azul-15.0.4/lib/libverify.so
7fa3b85e8000-7fa3b85e9000 rw-p 00000000 00:00 0 
7fa3b85e9000-7fa3b85f1000 r-xp 00000000 08:05 16253345                   /home/michael/.jdks/azul-15.0.4/lib/libzip.so
7fa3b85f1000-7fa3b87f0000 ---p 00008000 08:05 16253345                   /home/michael/.jdks/azul-15.0.4/lib/libzip.so
7fa3b87f0000-7fa3b87f1000 r--p 00007000 08:05 16253345                   /home/michael/.jdks/azul-15.0.4/lib/libzip.so
7fa3b87f1000-7fa3b87f2000 rw-p 00000000 00:00 0 
7fa3b87f2000-7fa3b8807000 r-xp 00000000 08:05 16253376                   /home/michael/.jdks/azul-15.0.4/lib/libnet.so
7fa3b8807000-7fa3b8a06000 ---p 00015000 08:05 16253376                   /home/michael/.jdks/azul-15.0.4/lib/libnet.so
7fa3b8a06000-7fa3b8a07000 r--p 00014000 08:05 16253376                   /home/michael/.jdks/azul-15.0.4/lib/libnet.so
7fa3b8a07000-7fa3b8a08000 rw-p 00015000 08:05 16253376                   /home/michael/.jdks/azul-15.0.4/lib/libnet.so
7fa3b8a08000-7fa3b8a1a000 r-xp 00000000 08:05 16253366                   /home/michael/.jdks/azul-15.0.4/lib/libnio.so
7fa3b8a1a000-7fa3b8c19000 ---p 00012000 08:05 16253366                   /home/michael/.jdks/azul-15.0.4/lib/libnio.so
7fa3b8c19000-7fa3b8c1a000 r--p 00011000 08:05 16253366                   /home/michael/.jdks/azul-15.0.4/lib/libnio.so
7fa3b8c1a000-7fa3b8c1b000 rw-p 00012000 08:05 16253366                   /home/michael/.jdks/azul-15.0.4/lib/libnio.so
7fa3b8c1b000-7fa3b8c1c000 ---p 00000000 00:00 0 
7fa3b8c1c000-7fa3b8d1d000 rw-p 00000000 00:00 0 
7fa3b8d1d000-7fa3b8d21000 ---p 00000000 00:00 0 
7fa3b8d21000-7fa3b8e1e000 rw-p 00000000 00:00 0 
7fa3b8e1e000-7fa3b8e22000 ---p 00000000 00:00 0 
7fa3b8e22000-7fa3b8f1f000 rw-p 00000000 00:00 0 
7fa3b8f1f000-7fa3b8f23000 ---p 00000000 00:00 0 
7fa3b8f23000-7fa3b9020000 rw-p 00000000 00:00 0 
7fa3b9020000-7fa3b9024000 ---p 00000000 00:00 0 
7fa3b9024000-7fa3b9121000 rw-p 00000000 00:00 0 
7fa3b9121000-7fa3b9125000 ---p 00000000 00:00 0 
7fa3b9125000-7fa3b9222000 rw-p 00000000 00:00 0 
7fa3b9222000-7fa3ba000000 r--p 00000000 08:05 18881000                   /usr/lib/locale/locale-archive
7fa3ba000000-7fa3bc000000 rw-p 00000000 00:00 0 
7fa3bc000000-7fa3bc021000 rw-p 00000000 00:00 0 
7fa3bc021000-7fa3c0000000 ---p 00000000 00:00 0 
7fa3c0000000-7fa3c0021000 rw-p 00000000 00:00 0 
7fa3c0021000-7fa3c4000000 ---p 00000000 00:00 0 
7fa3c4000000-7fa3c4021000 rw-p 00000000 00:00 0 
7fa3c4021000-7fa3c8000000 ---p 00000000 00:00 0 
7fa3c8012000-7fa3c8042000 r--p 00000000 08:05 1967705                    /usr/share/locale-langpack/ru/LC_MESSAGES/libc.mo
7fa3c8042000-7fa3c8046000 ---p 00000000 00:00 0 
7fa3c8046000-7fa3c8143000 rw-p 00000000 00:00 0 
7fa3c8143000-7fa3c8147000 ---p 00000000 00:00 0 
7fa3c8147000-7fa3c8a04000 rw-p 00000000 00:00 0 
7fa3c8a04000-7fa3c8a44000 ---p 00000000 00:00 0 
7fa3c8a45000-7fa3c8cb5000 rwxp 00000000 00:00 0 
7fa3c8cb5000-7fa3c8fd6000 ---p 00000000 00:00 0 
7fa3c8fd6000-7fa3c9246000 rwxp 00000000 00:00 0 
7fa3c9246000-7fa3d050d000 ---p 00000000 00:00 0 
7fa3d050d000-7fa3d077d000 rwxp 00000000 00:00 0 
7fa3d077d000-7fa3d7a45000 ---p 00000000 00:00 0 
7fa3d7a45000-7fa3e0000000 r--s 00000000 08:05 16253381                   /home/michael/.jdks/azul-15.0.4/lib/modules
7fa3e0000000-7fa3e0532000 rw-p 00000000 00:00 0 
7fa3e0532000-7fa3e4000000 ---p 00000000 00:00 0 
7fa3e400b000-7fa3e4010000 r--p 00000000 08:05 133284                     /home/michael/IdeaProjects/acmlat-3hw-4-problem/libs/libglucose.so
7fa3e4010000-7fa3e4026000 r-xp 00005000 08:05 133284                     /home/michael/IdeaProjects/acmlat-3hw-4-problem/libs/libglucose.so
7fa3e4026000-7fa3e402a000 r--p 0001b000 08:05 133284                     /home/michael/IdeaProjects/acmlat-3hw-4-problem/libs/libglucose.so
7fa3e402a000-7fa3e402b000 r--p 0001e000 08:05 133284                     /home/michael/IdeaProjects/acmlat-3hw-4-problem/libs/libglucose.so
7fa3e402b000-7fa3e402c000 rw-p 0001f000 08:05 133284                     /home/michael/IdeaProjects/acmlat-3hw-4-problem/libs/libglucose.so
7fa3e402c000-7fa3e405d000 rw-p 00000000 00:00 0 
7fa3e405d000-7fa3e4061000 ---p 00000000 00:00 0 
7fa3e4061000-7fa3e415e000 rw-p 00000000 00:00 0 
7fa3e415e000-7fa3e4162000 ---p 00000000 00:00 0 
7fa3e4162000-7fa3e425f000 rw-p 00000000 00:00 0 
7fa3e425f000-7fa3e4260000 ---p 00000000 00:00 0 
7fa3e4260000-7fa3e44c0000 rw-p 00000000 00:00 0 
7fa3e44c0000-7fa3e44c1000 ---p 00000000 00:00 0 
7fa3e44c1000-7fa3e45c2000 rw-p 00000000 00:00 0 
7fa3e45c2000-7fa3e45c3000 ---p 00000000 00:00 0 
7fa3e45c3000-7fa3e4ac8000 rw-p 00000000 00:00 0 
7fa3e4ac8000-7fa3e4ac9000 ---p 00000000 00:00 0 
7fa3e4ac9000-7fa3e4bca000 rw-p 00000000 00:00 0 
7fa3e4bca000-7fa3e4bcb000 ---p 00000000 00:00 0 
7fa3e4bcb000-7fa3e4ccc000 rw-p 00000000 00:00 0 
7fa3e4ccc000-7fa3e4ccd000 ---p 00000000 00:00 0 
7fa3e4ccd000-7fa3e51c0000 rw-p 00000000 00:00 0 
7fa3e51c0000-7fa3e55d8000 ---p 00000000 00:00 0 
7fa3e55d8000-7fa3e59c0000 rw-p 00000000 00:00 0 
7fa3e59c0000-7fa3e5dd8000 ---p 00000000 00:00 0 
7fa3e5dd8000-7fa3e5e5c000 rw-p 00000000 00:00 0 
7fa3e5e5c000-7fa3e5edf000 ---p 00000000 00:00 0 
7fa3e5edf000-7fa3e5f5c000 rw-p 00000000 00:00 0 
7fa3e5f5c000-7fa3e5fdf000 ---p 00000000 00:00 0 
7fa3e5fdf000-7fa3e605c000 rw-p 00000000 00:00 0 
7fa3e605c000-7fa3e60df000 ---p 00000000 00:00 0 
7fa3e60df000-7fa3e64e9000 rw-p 00000000 00:00 0 
7fa3e64e9000-7fa3e65cf000 ---p 00000000 00:00 0 
7fa3e65cf000-7fa3e65d4000 rw-p 00000000 00:00 0 
7fa3e65d4000-7fa3e66ba000 ---p 00000000 00:00 0 
7fa3e66ba000-7fa3e66df000 r-xp 00000000 08:05 16253353                   /home/michael/.jdks/azul-15.0.4/lib/libjava.so
7fa3e66df000-7fa3e68de000 ---p 00025000 08:05 16253353                   /home/michael/.jdks/azul-15.0.4/lib/libjava.so
7fa3e68de000-7fa3e68df000 r--p 00024000 08:05 16253353                   /home/michael/.jdks/azul-15.0.4/lib/libjava.so
7fa3e68df000-7fa3e68e0000 rw-p 00025000 08:05 16253353                   /home/michael/.jdks/azul-15.0.4/lib/libjava.so
7fa3e68e0000-7fa3e68e1000 rw-p 00000000 00:00 0 
7fa3e68e1000-7fa3e68fc000 r-xp 00000000 08:05 16253351                   /home/michael/.jdks/azul-15.0.4/lib/libjimage.so
7fa3e68fc000-7fa3e6afc000 ---p 0001b000 08:05 16253351                   /home/michael/.jdks/azul-15.0.4/lib/libjimage.so
7fa3e6afc000-7fa3e6afe000 r--p 0001b000 08:05 16253351                   /home/michael/.jdks/azul-15.0.4/lib/libjimage.so
7fa3e6afe000-7fa3e6aff000 rw-p 0001d000 08:05 16253351                   /home/michael/.jdks/azul-15.0.4/lib/libjimage.so
7fa3e6aff000-7fa3e6b02000 r--p 00000000 08:05 18882893                   /usr/lib/x86_64-linux-gnu/librt-2.31.so
7fa3e6b02000-7fa3e6b06000 r-xp 00003000 08:05 18882893                   /usr/lib/x86_64-linux-gnu/librt-2.31.so
7fa3e6b06000-7fa3e6b07000 r--p 00007000 08:05 18882893                   /usr/lib/x86_64-linux-gnu/librt-2.31.so
7fa3e6b07000-7fa3e6b08000 ---p 00008000 08:05 18882893                   /usr/lib/x86_64-linux-gnu/librt-2.31.so
7fa3e6b08000-7fa3e6b09000 r--p 00008000 08:05 18882893                   /usr/lib/x86_64-linux-gnu/librt-2.31.so
7fa3e6b09000-7fa3e6b0a000 rw-p 00009000 08:05 18882893                   /usr/lib/x86_64-linux-gnu/librt-2.31.so
7fa3e6b0a000-7fa3e6b0e000 ---p 00000000 00:00 0 
7fa3e6b0e000-7fa3e6c0b000 rw-p 00000000 00:00 0 
7fa3e6c0b000-7fa3e6c1a000 r--p 00000000 08:05 18882560                   /usr/lib/x86_64-linux-gnu/libm-2.31.so
7fa3e6c1a000-7fa3e6cc1000 r-xp 0000f000 08:05 18882560                   /usr/lib/x86_64-linux-gnu/libm-2.31.so
7fa3e6cc1000-7fa3e6d58000 r--p 000b6000 08:05 18882560                   /usr/lib/x86_64-linux-gnu/libm-2.31.so
7fa3e6d58000-7fa3e6d59000 r--p 0014c000 08:05 18882560                   /usr/lib/x86_64-linux-gnu/libm-2.31.so
7fa3e6d59000-7fa3e6d5a000 rw-p 0014d000 08:05 18882560                   /usr/lib/x86_64-linux-gnu/libm-2.31.so
7fa3e6d5a000-7fa3e7f4b000 r-xp 00000000 08:05 16253373                   /home/michael/.jdks/azul-15.0.4/lib/server/libjvm.so
7fa3e7f4b000-7fa3e814b000 ---p 011f1000 08:05 16253373                   /home/michael/.jdks/azul-15.0.4/lib/server/libjvm.so
7fa3e814b000-7fa3e81e8000 r--p 011f1000 08:05 16253373                   /home/michael/.jdks/azul-15.0.4/lib/server/libjvm.so
7fa3e81e8000-7fa3e8221000 rw-p 0128e000 08:05 16253373                   /home/michael/.jdks/azul-15.0.4/lib/server/libjvm.so
7fa3e8221000-7fa3e82ac000 rw-p 00000000 00:00 0 
7fa3e82ac000-7fa3e82d1000 r--p 00000000 08:05 18881906                   /usr/lib/x86_64-linux-gnu/libc-2.31.so
7fa3e82d1000-7fa3e8449000 r-xp 00025000 08:05 18881906                   /usr/lib/x86_64-linux-gnu/libc-2.31.so
7fa3e8449000-7fa3e8493000 r--p 0019d000 08:05 18881906                   /usr/lib/x86_64-linux-gnu/libc-2.31.so
7fa3e8493000-7fa3e8494000 ---p 001e7000 08:05 18881906                   /usr/lib/x86_64-linux-gnu/libc-2.31.so
7fa3e8494000-7fa3e8497000 r--p 001e7000 08:05 18881906                   /usr/lib/x86_64-linux-gnu/libc-2.31.so
7fa3e8497000-7fa3e849a000 rw-p 001ea000 08:05 18881906                   /usr/lib/x86_64-linux-gnu/libc-2.31.so
7fa3e849a000-7fa3e849e000 rw-p 00000000 00:00 0 
7fa3e849e000-7fa3e849f000 r--p 00000000 08:05 18882047                   /usr/lib/x86_64-linux-gnu/libdl-2.31.so
7fa3e849f000-7fa3e84a1000 r-xp 00001000 08:05 18882047                   /usr/lib/x86_64-linux-gnu/libdl-2.31.so
7fa3e84a1000-7fa3e84a2000 r--p 00003000 08:05 18882047                   /usr/lib/x86_64-linux-gnu/libdl-2.31.so
7fa3e84a2000-7fa3e84a3000 r--p 00003000 08:05 18882047                   /usr/lib/x86_64-linux-gnu/libdl-2.31.so
7fa3e84a3000-7fa3e84a4000 rw-p 00004000 08:05 18882047                   /usr/lib/x86_64-linux-gnu/libdl-2.31.so
7fa3e84a4000-7fa3e84ab000 r--p 00000000 08:05 18882830                   /usr/lib/x86_64-linux-gnu/libpthread-2.31.so
7fa3e84ab000-7fa3e84bc000 r-xp 00007000 08:05 18882830                   /usr/lib/x86_64-linux-gnu/libpthread-2.31.so
7fa3e84bc000-7fa3e84c1000 r--p 00018000 08:05 18882830                   /usr/lib/x86_64-linux-gnu/libpthread-2.31.so
7fa3e84c1000-7fa3e84c2000 r--p 0001c000 08:05 18882830                   /usr/lib/x86_64-linux-gnu/libpthread-2.31.so
7fa3e84c2000-7fa3e84c3000 rw-p 0001d000 08:05 18882830                   /usr/lib/x86_64-linux-gnu/libpthread-2.31.so
7fa3e84c3000-7fa3e84c7000 rw-p 00000000 00:00 0 
7fa3e84c7000-7fa3e84d6000 r-xp 00000000 08:05 16253357                   /home/michael/.jdks/azul-15.0.4/lib/libjli.so
7fa3e84d6000-7fa3e86d6000 ---p 0000f000 08:05 16253357                   /home/michael/.jdks/azul-15.0.4/lib/libjli.so
7fa3e86d6000-7fa3e86d7000 r--p 0000f000 08:05 16253357                   /home/michael/.jdks/azul-15.0.4/lib/libjli.so
7fa3e86d7000-7fa3e86d8000 rw-p 00010000 08:05 16253357                   /home/michael/.jdks/azul-15.0.4/lib/libjli.so
7fa3e86d8000-7fa3e86da000 r--p 00000000 08:05 18883265                   /usr/lib/x86_64-linux-gnu/libz.so.1.2.11
7fa3e86da000-7fa3e86eb000 r-xp 00002000 08:05 18883265                   /usr/lib/x86_64-linux-gnu/libz.so.1.2.11
7fa3e86eb000-7fa3e86f1000 r--p 00013000 08:05 18883265                   /usr/lib/x86_64-linux-gnu/libz.so.1.2.11
7fa3e86f1000-7fa3e86f2000 ---p 00019000 08:05 18883265                   /usr/lib/x86_64-linux-gnu/libz.so.1.2.11
7fa3e86f2000-7fa3e86f3000 r--p 00019000 08:05 18883265                   /usr/lib/x86_64-linux-gnu/libz.so.1.2.11
7fa3e86f3000-7fa3e86f4000 rw-p 0001a000 08:05 18883265                   /usr/lib/x86_64-linux-gnu/libz.so.1.2.11
7fa3e86f4000-7fa3e86f6000 rw-p 00000000 00:00 0 
7fa3e86f7000-7fa3e86f9000 r--p 00000000 08:05 17959939                   /tmp/nativelib18406808429517196883.tmp/libjglucose.so
7fa3e86f9000-7fa3e86fb000 r-xp 00002000 08:05 17959939                   /tmp/nativelib18406808429517196883.tmp/libjglucose.so
7fa3e86fb000-7fa3e86fc000 r--p 00004000 08:05 17959939                   /tmp/nativelib18406808429517196883.tmp/libjglucose.so
7fa3e86fc000-7fa3e86fd000 r--p 00004000 08:05 17959939                   /tmp/nativelib18406808429517196883.tmp/libjglucose.so
7fa3e86fd000-7fa3e86fe000 rw-p 00005000 08:05 17959939                   /tmp/nativelib18406808429517196883.tmp/libjglucose.so
7fa3e86fe000-7fa3e8705000 r--s 00000000 08:05 132873                     /usr/lib/x86_64-linux-gnu/gconv/gconv-modules.cache
7fa3e8705000-7fa3e870a000 rw-p 00000000 00:00 0 
7fa3e870a000-7fa3e8711000 ---p 00000000 00:00 0 
7fa3e8711000-7fa3e8719000 rw-s 00000000 08:05 16788872                   /tmp/hsperfdata_michael/33572
7fa3e8719000-7fa3e871c000 r--p 00000000 08:05 18882686                   /usr/lib/x86_64-linux-gnu/libnss_files-2.31.so
7fa3e871c000-7fa3e8723000 r-xp 00003000 08:05 18882686                   /usr/lib/x86_64-linux-gnu/libnss_files-2.31.so
7fa3e8723000-7fa3e8725000 r--p 0000a000 08:05 18882686                   /usr/lib/x86_64-linux-gnu/libnss_files-2.31.so
7fa3e8725000-7fa3e8726000 r--p 0000b000 08:05 18882686                   /usr/lib/x86_64-linux-gnu/libnss_files-2.31.so
7fa3e8726000-7fa3e8727000 rw-p 0000c000 08:05 18882686                   /usr/lib/x86_64-linux-gnu/libnss_files-2.31.so
7fa3e8727000-7fa3e872d000 rw-p 00000000 00:00 0 
7fa3e872d000-7fa3e872e000 ---p 00000000 00:00 0 
7fa3e872e000-7fa3e872f000 r--p 00000000 00:00 0 
7fa3e872f000-7fa3e8730000 r--p 00000000 08:05 18881688                   /usr/lib/x86_64-linux-gnu/ld-2.31.so
7fa3e8730000-7fa3e8753000 r-xp 00001000 08:05 18881688                   /usr/lib/x86_64-linux-gnu/ld-2.31.so
7fa3e8753000-7fa3e875b000 r--p 00024000 08:05 18881688                   /usr/lib/x86_64-linux-gnu/ld-2.31.so
7fa3e875b000-7fa3e875c000 ---p 00000000 00:00 0 
7fa3e875c000-7fa3e875d000 r--p 0002c000 08:05 18881688                   /usr/lib/x86_64-linux-gnu/ld-2.31.so
7fa3e875d000-7fa3e875e000 rw-p 0002d000 08:05 18881688                   /usr/lib/x86_64-linux-gnu/ld-2.31.so
7fa3e875e000-7fa3e875f000 rw-p 00000000 00:00 0 
7ffcf273e000-7ffcf275f000 rw-p 00000000 00:00 0                          [stack]
7ffcf277f000-7ffcf2783000 r--p 00000000 00:00 0                          [vvar]
7ffcf2783000-7ffcf2785000 r-xp 00000000 00:00 0                          [vdso]
ffffffffff600000-ffffffffff601000 --xp 00000000 00:00 0                  [vsyscall]


VM Arguments:
jvm_args: -Dorg.gradle.internal.worker.tmpdir=/home/michael/IdeaProjects/acmlat-3hw-4-problem/build/tmp/test/work -Dorg.gradle.native=false --add-opens=java.base/java.util=ALL-UNNAMED --add-opens=java.base/java.lang=ALL-UNNAMED -Xmx512m -Dfile.encoding=UTF-8 -Duser.country=RU -Duser.language=ru -Duser.variant -ea 
java_command: worker.org.gradle.process.internal.worker.GradleWorkerMain 'Gradle Test Executor 3'
java_class_path (initial): /home/michael/.gradle/caches/7.1/workerMain/gradle-worker.jar:/home/michael/IdeaProjects/acmlat-3hw-4-problem/build/classes/java/test:/home/michael/IdeaProjects/acmlat-3hw-4-problem/build/classes/kotlin/test:/home/michael/IdeaProjects/acmlat-3hw-4-problem/build/resources/test:/home/michael/IdeaProjects/acmlat-3hw-4-problem/build/classes/java/main:/home/michael/IdeaProjects/acmlat-3hw-4-problem/build/classes/kotlin/main:/home/michael/IdeaProjects/acmlat-3hw-4-problem/build/resources/main:/home/michael/.gradle/caches/modules-2/files-2.1/com.github.Lipen.kotlin-satlib/core/0.24.2/828f5784b928e10d9b87d070015a48316c93e9df/core-0.24.2.jar:/home/michael/.gradle/caches/modules-2/files-2.1/com.github.Lipen.kotlin-satlib/jni/0.24.2/673632bb254c36c1c84b7b60725a97e6efbae185/jni-0.24.2.jar:/home/michael/.gradle/caches/modules-2/files-2.1/com.github.Lipen.kotlin-satlib/utils/0.24.2/124a86a6cfce99c43aa038080d8e57ed815c43cd/utils-0.24.2.jar:/home/michael/.gradle/caches/modules-2/files-2.1/com.github.Lipen/MultiArray/0.12.0/37a66a5c6dd013af101eb91051b0c7f85834b1f6/MultiArray-0.12.0.jar:/home/michael/.gradle/caches/modules-2/files-2.1/org.jetbrains.kotlinx/kotlinx-coroutines-core-jvm/1.5.0/d8cebccdcddd029022aa8646a5a953ff88b13ac8/kotlinx-coroutines-core-jvm-1.5.0.jar:/home/michael/.gradle/caches/modules-2/files-2.1/org.jetbrains.kotlin/kotlin-stdlib-jdk8/1.5.31/ff5d99aecd328872494e8921b72bf6e3af97af3e/kotlin-stdlib-jdk8-1.5.31.jar:/home/michael/.gradle/caches/modules-2/files-2.1/ch.qos.logback/logback-classic/1.2.6/b09efa852337fa0dd9859614389eec58dc287116/logback-classic-1.2.6.jar:/home/michael/.gradle/caches/modules-2/files-2.1/org.jetbrains.kotlin/kotlin-test-junit/1.5.31/eccef3973cd6e54820d992c6b58b51922c7cf557/kotlin-test-junit-1.5.31.jar:/home/michael/.gradle/caches/modules-2/files-2.1/org.jetbrains.kotlin/kotlin-test/1.5.31/a2fdf12f8d0013331e28ced69286fde14b93eed9/kotlin-test-1.5.31.jar:/home/michael/.gradle/caches/modules-2/files-2.1/org.jetbrains.
Launcher Type: SUN_STANDARD

[Global flags]
     intx CICompilerCount                          = 3                                         {product} {ergonomic}
     uint ConcGCThreads                            = 1                                         {product} {ergonomic}
     uint G1ConcRefinementThreads                  = 4                                         {product} {ergonomic}
   size_t G1HeapRegionSize                         = 1048576                                   {product} {ergonomic}
    uintx GCDrainStackTargetSize                   = 64                                        {product} {ergonomic}
   size_t InitialHeapSize                          = 260046848                                 {product} {ergonomic}
   size_t MarkStackSize                            = 4194304                                   {product} {ergonomic}
   size_t MaxHeapSize                              = 536870912                                 {product} {command line}
   size_t MaxNewSize                               = 321912832                                 {product} {ergonomic}
   size_t MinHeapDeltaBytes                        = 1048576                                   {product} {ergonomic}
   size_t MinHeapSize                              = 8388608                                   {product} {ergonomic}
    uintx NonNMethodCodeHeapSize                   = 5832780                                {pd product} {ergonomic}
    uintx NonProfiledCodeHeapSize                  = 122912730                              {pd product} {ergonomic}
    uintx ProfiledCodeHeapSize                     = 122912730                              {pd product} {ergonomic}
    uintx ReservedCodeCacheSize                    = 251658240                              {pd product} {ergonomic}
     bool SegmentedCodeCache                       = true                                      {product} {ergonomic}
   size_t SoftMaxHeapSize                          = 536870912                              {manageable} {ergonomic}
     bool UseCompressedClassPointers               = true                                 {lp64_product} {ergonomic}
     bool UseCompressedOops                        = true                                 {lp64_product} {ergonomic}
     bool UseG1GC                                  = true                                      {product} {ergonomic}

Logging:
Log output configuration:
 #0: stdout all=warning uptime,level,tags
 #1: stderr all=off uptime,level,tags

Environment Variables:
PATH=/usr/local/sbin:/usr/local/bin:/usr/sbin:/usr/bin:/sbin:/bin:/usr/games:/usr/local/games:/snap/bin
USERNAME=michael
SHELL=/bin/bash
DISPLAY=:0
LANG=ru_RU.UTF-8

Signal Handlers:
SIGSEGV: [libjvm.so+0xec8830], sa_mask[0]=11111111011111111101111111111110, sa_flags=SA_RESTART|SA_SIGINFO
SIGBUS: [libjvm.so+0xec8830], sa_mask[0]=11111111011111111101111111111110, sa_flags=SA_RESTART|SA_SIGINFO
SIGFPE: [libjvm.so+0xec8830], sa_mask[0]=11111111011111111101111111111110, sa_flags=SA_RESTART|SA_SIGINFO
SIGPIPE: [libjvm.so+0xbc0dd0], sa_mask[0]=11111111011111111101111111111110, sa_flags=SA_RESTART|SA_SIGINFO
SIGXFSZ: [libjvm.so+0xbc0dd0], sa_mask[0]=11111111011111111101111111111110, sa_flags=SA_RESTART|SA_SIGINFO
SIGILL: [libjvm.so+0xec8830], sa_mask[0]=11111111011111111101111111111110, sa_flags=SA_RESTART|SA_SIGINFO
SIGUSR2: [libjvm.so+0xbc0c70], sa_mask[0]=00100000000000000000000000000000, sa_flags=SA_RESTART|SA_SIGINFO
SIGHUP: [libjvm.so+0xbc1390], sa_mask[0]=11111111011111111101111111111110, sa_flags=SA_RESTART|SA_SIGINFO
SIGINT: [libjvm.so+0xbc1390], sa_mask[0]=11111111011111111101111111111110, sa_flags=SA_RESTART|SA_SIGINFO
SIGTERM: [libjvm.so+0xbc1390], sa_mask[0]=11111111011111111101111111111110, sa_flags=SA_RESTART|SA_SIGINFO
SIGQUIT: [libjvm.so+0xbc1390], sa_mask[0]=11111111011111111101111111111110, sa_flags=SA_RESTART|SA_SIGINFO


---------------  S Y S T E M  ---------------

OS:
DISTRIB_ID=Ubuntu
DISTRIB_RELEASE=20.04
DISTRIB_CODENAME=focal
DISTRIB_DESCRIPTION="Ubuntu 20.04.3 LTS"
uname: Linux 5.11.0-38-generic #42~20.04.1-Ubuntu SMP Tue Sep 28 20:41:07 UTC 2021 x86_64
OS uptime: 0 days 14:03 hours
libc: glibc 2.31 NPTL 2.31 
rlimit (soft/hard): STACK 8192k/infinity , CORE 0k/infinity , NPROC 63235/63235 , NOFILE 1048576/1048576 , AS infinity/infinity , CPU infinity/infinity , DATA infinity/infinity , FSIZE infinity/infinity , MEMLOCK 65536k/65536k
load average: 3,59 1,86 1,42

/proc/meminfo:
MemTotal:       16247572 kB
MemFree:          594396 kB
MemAvailable:    3509076 kB
Buffers:          659648 kB
Cached:          5185656 kB
SwapCached:            8 kB
Active:          3480832 kB
Inactive:       11392352 kB
Active(anon):    1015636 kB
Inactive(anon): 10777212 kB
Active(file):    2465196 kB
Inactive(file):   615140 kB
Unevictable:      291208 kB
Mlocked:              64 kB
SwapTotal:       2097148 kB
SwapFree:        2088444 kB
Dirty:             48480 kB
Writeback:             0 kB
AnonPages:       9319216 kB
Mapped:          1788040 kB
Shmem:           2764968 kB
KReclaimable:     170472 kB
Slab:             307732 kB
SReclaimable:     170472 kB
SUnreclaim:       137260 kB
KernelStack:       23024 kB
PageTables:        74564 kB
NFS_Unstable:          0 kB
Bounce:                0 kB
WritebackTmp:          0 kB
CommitLimit:    10220932 kB
Committed_AS:   21028000 kB
VmallocTotal:   34359738367 kB
VmallocUsed:       49388 kB
VmallocChunk:          0 kB
Percpu:             4704 kB
HardwareCorrupted:     0 kB
AnonHugePages:         0 kB
ShmemHugePages:        0 kB
ShmemPmdMapped:        0 kB
FileHugePages:         0 kB
FilePmdMapped:         0 kB
HugePages_Total:       0
HugePages_Free:        0
HugePages_Rsvd:        0
HugePages_Surp:        0
Hugepagesize:       2048 kB
Hugetlb:               0 kB
DirectMap4k:      385064 kB
DirectMap2M:    12050432 kB
DirectMap1G:     4194304 kB

/sys/kernel/mm/transparent_hugepage/enabled: always [madvise] never
/sys/kernel/mm/transparent_hugepage/defrag (defrag/compaction efforts parameter): always defer defer+madvise [madvise] never

/proc/sys/kernel/threads-max (system-wide limit on the number of threads): 126470
/proc/sys/vm/max_map_count (maximum number of memory map areas a process may have): 65530
/proc/sys/kernel/pid_max (system-wide limit on number of process identifiers): 4194304

container (cgroup) information:
container_type: cgroupv1
cpu_cpuset_cpus: 0-3
cpu_memory_nodes: 0
active_processor_count: 4
cpu_quota: no quota
cpu_period: 100000
cpu_shares: no shares
memory_limit_in_bytes: unlimited
memory_and_swap_limit_in_bytes: unlimited
memory_soft_limit_in_bytes: unlimited
memory_usage_in_bytes: 13615767552
memory_max_usage_in_bytes: 14187204608

Steal ticks since vm start: 0
Steal ticks percentage since vm start:  0,000

CPU: total 4 (initial active 4) (2 cores per cpu, 2 threads per core) family 6 model 78 stepping 3 microcode 0xea, cmov, cx8, fxsr, mmx, sse, sse2, sse3, ssse3, sse4.1, sse4.2, popcnt, vzeroupper, avx, avx2, aes, clmul, erms, rtm, 3dnowpref, lzcnt, ht, tsc, tscinvbit, bmi1, bmi2, adx, fma, clflush, clflushopt
CPU Model and flags from /proc/cpuinfo:
model name	: Intel(R) Core(TM) i7-6600U CPU @ 2.60GHz
flags		: fpu vme de pse tsc msr pae mce cx8 apic sep mtrr pge mca cmov pat pse36 clflush dts acpi mmx fxsr sse sse2 ss ht tm pbe syscall nx pdpe1gb rdtscp lm constant_tsc art arch_perfmon pebs bts rep_good nopl xtopology nonstop_tsc cpuid aperfmperf pni pclmulqdq dtes64 monitor ds_cpl smx est tm2 ssse3 sdbg fma cx16 xtpr pdcm pcid sse4_1 sse4_2 x2apic movbe popcnt tsc_deadline_timer aes xsave avx f16c rdrand lahf_lm abm 3dnowprefetch cpuid_fault epb invpcid_single pti ssbd ibrs ibpb stibp fsgsbase tsc_adjust bmi1 hle avx2 smep bmi2 erms invpcid rtm mpx rdseed adx smap clflushopt intel_pt xsaveopt xsavec xgetbv1 xsaves dtherm ida arat pln pts hwp hwp_notify hwp_act_window hwp_epp md_clear flush_l1d

Online cpus: 0-3
Offline cpus: 
BIOS frequency limitation: <Not Available>
Frequency switch latency (ns): 0
Available cpu frequencies: <Not Available>
Current governor: powersave
Core performance/turbo boost: <Not Available>

Memory: 4k page, physical 16247572k(594396k free), swap 2097148k(2088444k free)

vm_info: OpenJDK 64-Bit Server VM (15.0.4+5-MTS) for linux-amd64 JRE (15.0.4+5-MTS) (Zulu15.34+17-CA), built on Jul 11 2021 15:33:48 by "zulu_re" with gcc 7.3.1 20180303 (Red Hat 7.3.1-5)

END.
